<?xml version="1.0" encoding="UTF-8"?>
<coverage generated="1592848239446" clover="3.2.0">
  <project timestamp="1592848239446" name="All files">
    <metrics statements="212" coveredstatements="210" conditionals="84" coveredconditionals="76" methods="26" coveredmethods="26" elements="322" coveredelements="312" complexity="0" loc="212" ncloc="212" packages="1" files="1" classes="1"/>
    <file name="customLoadash.js" path="C:\Users\gnoos\Documents\GitHub\custom-loadash\scripts\customLoadash.js">
      <metrics statements="212" coveredstatements="210" conditionals="84" coveredconditionals="76" methods="26" coveredmethods="26"/>
      <line num="4" count="1" type="stmt"/>
      <line num="5" count="1" type="stmt"/>
      <line num="6" count="1" type="stmt"/>
      <line num="8" count="5" type="cond" truecount="2" falsecount="0"/>
      <line num="9" count="1" type="stmt"/>
      <line num="12" count="5" type="cond" truecount="4" falsecount="0"/>
      <line num="13" count="2" type="stmt"/>
      <line num="16" count="5" type="cond" truecount="5" falsecount="0"/>
      <line num="17" count="1" type="stmt"/>
      <line num="18" count="1" type="stmt"/>
      <line num="19" count="1" type="stmt"/>
      <line num="22" count="5" type="cond" truecount="2" falsecount="0"/>
      <line num="23" count="1" type="stmt"/>
      <line num="26" count="1" type="stmt"/>
      <line num="31" count="1" type="cond" truecount="0" falsecount="1"/>
      <line num="32" count="3" type="stmt"/>
      <line num="33" count="3" type="stmt"/>
      <line num="34" count="3" type="stmt"/>
      <line num="36" count="33" type="cond" truecount="2" falsecount="0"/>
      <line num="37" count="3" type="stmt"/>
      <line num="40" count="33" type="cond" truecount="4" falsecount="0"/>
      <line num="41" count="21" type="stmt"/>
      <line num="44" count="33" type="cond" truecount="5" falsecount="0"/>
      <line num="45" count="6" type="stmt"/>
      <line num="46" count="6" type="stmt"/>
      <line num="47" count="6" type="stmt"/>
      <line num="50" count="33" type="cond" truecount="2" falsecount="0"/>
      <line num="51" count="3" type="stmt"/>
      <line num="54" count="3" type="stmt"/>
      <line num="57" count="1" type="stmt"/>
      <line num="58" count="1" type="stmt"/>
      <line num="59" count="1" type="stmt"/>
      <line num="61" count="1" type="stmt"/>
      <line num="62" count="3" type="stmt"/>
      <line num="63" count="3" type="stmt"/>
      <line num="64" count="21" type="cond" truecount="8" falsecount="0"/>
      <line num="65" count="9" type="stmt"/>
      <line num="68" count="3" type="stmt"/>
      <line num="71" count="1" type="stmt"/>
      <line num="75" count="1" type="stmt"/>
      <line num="76" count="2" type="stmt"/>
      <line num="77" count="2" type="stmt"/>
      <line num="78" count="2" type="cond" truecount="1" falsecount="1"/>
      <line num="79" count="2" type="stmt"/>
      <line num="80" count="2" type="stmt"/>
      <line num="82" count="2" type="stmt"/>
      <line num="83" count="7" type="stmt"/>
      <line num="85" count="2" type="stmt"/>
      <line num="88" count="1" type="stmt"/>
      <line num="89" count="1" type="stmt"/>
      <line num="92" count="1" type="cond" truecount="1" falsecount="0"/>
      <line num="93" count="5" type="stmt"/>
      <line num="95" count="5" type="stmt"/>
      <line num="96" count="9" type="stmt"/>
      <line num="98" count="5" type="stmt"/>
      <line num="99" count="5" type="stmt"/>
      <line num="100" count="9" type="stmt"/>
      <line num="102" count="5" type="stmt"/>
      <line num="103" count="5" type="stmt"/>
      <line num="106" count="1" type="stmt"/>
      <line num="107" count="1" type="stmt"/>
      <line num="108" count="1" type="stmt"/>
      <line num="109" count="1" type="stmt"/>
      <line num="111" count="1" type="stmt"/>
      <line num="117" count="1" type="stmt"/>
      <line num="118" count="2" type="stmt"/>
      <line num="119" count="2" type="stmt"/>
      <line num="120" count="12" type="cond" truecount="2" falsecount="0"/>
      <line num="121" count="7" type="stmt"/>
      <line num="123" count="5" type="stmt"/>
      <line num="125" count="2" type="stmt"/>
      <line num="128" count="6" type="stmt"/>
      <line num="132" count="1" type="cond" truecount="1" falsecount="0"/>
      <line num="133" count="5" type="stmt"/>
      <line num="134" count="5" type="stmt"/>
      <line num="135" count="5" type="cond" truecount="2" falsecount="0"/>
      <line num="136" count="1" type="stmt"/>
      <line num="138" count="5" type="stmt"/>
      <line num="139" count="9" type="stmt"/>
      <line num="141" count="5" type="stmt"/>
      <line num="144" count="1" type="stmt"/>
      <line num="145" count="1" type="stmt"/>
      <line num="146" count="1" type="stmt"/>
      <line num="147" count="1" type="stmt"/>
      <line num="149" count="1" type="stmt"/>
      <line num="154" count="1" type="stmt"/>
      <line num="155" count="3" type="stmt"/>
      <line num="156" count="3" type="stmt"/>
      <line num="157" count="14" type="cond" truecount="2" falsecount="0"/>
      <line num="158" count="7" type="stmt"/>
      <line num="161" count="3" type="stmt"/>
      <line num="164" count="2" type="stmt"/>
      <line num="166" count="1" type="stmt"/>
      <line num="173" count="1" type="cond" truecount="0" falsecount="1"/>
      <line num="174" count="2" type="stmt"/>
      <line num="175" count="2" type="stmt"/>
      <line num="176" count="6" type="cond" truecount="2" falsecount="0"/>
      <line num="177" count="3" type="stmt"/>
      <line num="180" count="2" type="stmt"/>
      <line num="183" count="3" type="stmt"/>
      <line num="186" count="1" type="cond" truecount="1" falsecount="0"/>
      <line num="187" count="5" type="cond" truecount="2" falsecount="0"/>
      <line num="188" count="1" type="stmt"/>
      <line num="190" count="5" type="cond" truecount="2" falsecount="0"/>
      <line num="191" count="3" type="stmt"/>
      <line num="192" count="4" type="cond" truecount="2" falsecount="0"/>
      <line num="193" count="2" type="stmt"/>
      <line num="197" count="3" type="cond" truecount="4" falsecount="0"/>
      <line num="198" count="1" type="stmt"/>
      <line num="199" count="1" type="stmt"/>
      <line num="200" count="1" type="cond" truecount="1" falsecount="1"/>
      <line num="201" count="1" type="stmt"/>
      <line num="203" count="0" type="stmt"/>
      <line num="206" count="2" type="cond" truecount="2" falsecount="0"/>
      <line num="207" count="1" type="cond" truecount="1" falsecount="1"/>
      <line num="208" count="1" type="stmt"/>
      <line num="211" count="1" type="stmt"/>
      <line num="214" count="1" type="stmt"/>
      <line num="215" count="1" type="stmt"/>
      <line num="216" count="1" type="stmt"/>
      <line num="217" count="1" type="stmt"/>
      <line num="219" count="1" type="stmt"/>
      <line num="220" count="4" type="stmt"/>
      <line num="223" count="1" type="stmt"/>
      <line num="224" count="3" type="stmt"/>
      <line num="225" count="3" type="cond" truecount="2" falsecount="0"/>
      <line num="226" count="2" type="stmt"/>
      <line num="227" count="5" type="stmt"/>
      <line num="230" count="3" type="cond" truecount="4" falsecount="0"/>
      <line num="231" count="1" type="stmt"/>
      <line num="232" count="1" type="stmt"/>
      <line num="233" count="2" type="stmt"/>
      <line num="236" count="3" type="stmt"/>
      <line num="239" count="1" type="stmt"/>
      <line num="240" count="1" type="stmt"/>
      <line num="242" count="1" type="stmt"/>
      <line num="243" count="4" type="stmt"/>
      <line num="244" count="4" type="stmt"/>
      <line num="245" count="4" type="stmt"/>
      <line num="246" count="4" type="stmt"/>
      <line num="247" count="4" type="stmt"/>
      <line num="248" count="12" type="stmt"/>
      <line num="250" count="4" type="stmt"/>
      <line num="251" count="4" type="stmt"/>
      <line num="252" count="12" type="stmt"/>
      <line num="253" count="36" type="stmt"/>
      <line num="257" count="4" type="stmt"/>
      <line num="258" count="4" type="stmt"/>
      <line num="261" count="1" type="stmt"/>
      <line num="262" count="1" type="stmt"/>
      <line num="263" count="1" type="stmt"/>
      <line num="265" count="1" type="stmt"/>
      <line num="266" count="2" type="stmt"/>
      <line num="267" count="2" type="stmt"/>
      <line num="268" count="2" type="stmt"/>
      <line num="269" count="2" type="stmt"/>
      <line num="270" count="4" type="stmt"/>
      <line num="272" count="2" type="stmt"/>
      <line num="275" count="1" type="stmt"/>
      <line num="279" count="1" type="stmt"/>
      <line num="282" count="1" type="stmt"/>
      <line num="285" count="1" type="stmt"/>
      <line num="286" count="15" type="stmt"/>
      <line num="289" count="1" type="stmt"/>
      <line num="290" count="2" type="stmt"/>
      <line num="291" count="2" type="stmt"/>
      <line num="293" count="2" type="stmt"/>
      <line num="294" count="6" type="stmt"/>
      <line num="295" count="6" type="stmt"/>
      <line num="296" count="12" type="cond" truecount="2" falsecount="0"/>
      <line num="297" count="4" type="stmt"/>
      <line num="300" count="6" type="cond" truecount="2" falsecount="0"/>
      <line num="301" count="2" type="stmt"/>
      <line num="304" count="2" type="stmt"/>
      <line num="308" count="1" type="stmt"/>
      <line num="309" count="1" type="stmt"/>
      <line num="311" count="1" type="stmt"/>
      <line num="312" count="2" type="stmt"/>
      <line num="313" count="2" type="stmt"/>
      <line num="314" count="6" type="cond" truecount="2" falsecount="0"/>
      <line num="315" count="2" type="stmt"/>
      <line num="319" count="2" type="stmt"/>
      <line num="322" count="3" type="stmt"/>
      <line num="324" count="1" type="stmt"/>
      <line num="326" count="1" type="stmt"/>
      <line num="327" count="2" type="stmt"/>
      <line num="328" count="2" type="stmt"/>
      <line num="329" count="6" type="stmt"/>
      <line num="330" count="12" type="cond" truecount="2" falsecount="0"/>
      <line num="331" count="4" type="stmt"/>
      <line num="335" count="2" type="stmt"/>
      <line num="339" count="1" type="stmt"/>
      <line num="341" count="1" type="stmt"/>
      <line num="342" count="2" type="stmt"/>
      <line num="343" count="2" type="stmt"/>
      <line num="344" count="6" type="stmt"/>
      <line num="345" count="6" type="cond" truecount="1" falsecount="1"/>
      <line num="346" count="0" type="stmt"/>
      <line num="348" count="6" type="cond" truecount="1" falsecount="1"/>
      <line num="349" count="6" type="stmt"/>
      <line num="352" count="2" type="stmt"/>
      <line num="356" count="3" type="stmt"/>
      <line num="359" count="1" type="stmt"/>
      <line num="360" count="1" type="stmt"/>
      <line num="363" count="1" type="stmt"/>
      <line num="365" count="1" type="stmt"/>
      <line num="366" count="2" type="stmt"/>
      <line num="367" count="2" type="stmt"/>
      <line num="368" count="4" type="stmt"/>
      <line num="370" count="2" type="stmt"/>
      <line num="373" count="1" type="stmt"/>
      <line num="375" count="1" type="stmt"/>
    </file>
  </project>
</coverage>
