<?xml version="1.0" encoding="UTF-8"?>
<coverage generated="1592849953144" clover="3.2.0">
  <project timestamp="1592849953144" name="All files">
    <metrics statements="195" coveredstatements="193" conditionals="70" coveredconditionals="63" methods="25" coveredmethods="25" elements="290" coveredelements="281" complexity="0" loc="195" ncloc="195" packages="1" files="1" classes="1"/>
    <file name="customLoadash.js" path="C:\Users\gnoos\Documents\GitHub\custom_loadash\scripts\customLoadash.js">
      <metrics statements="195" coveredstatements="193" conditionals="70" coveredconditionals="63" methods="25" coveredmethods="25"/>
      <line num="4" count="4" type="stmt"/>
      <line num="5" count="4" type="stmt"/>
      <line num="6" count="4" type="stmt"/>
      <line num="8" count="38" type="cond" truecount="2" falsecount="0"/>
      <line num="9" count="4" type="stmt"/>
      <line num="12" count="38" type="cond" truecount="4" falsecount="0"/>
      <line num="13" count="23" type="stmt"/>
      <line num="16" count="38" type="cond" truecount="5" falsecount="0"/>
      <line num="17" count="7" type="stmt"/>
      <line num="18" count="7" type="stmt"/>
      <line num="19" count="7" type="stmt"/>
      <line num="22" count="38" type="cond" truecount="2" falsecount="0"/>
      <line num="23" count="4" type="stmt"/>
      <line num="26" count="4" type="stmt"/>
      <line num="30" count="1" type="stmt"/>
      <line num="31" count="1" type="stmt"/>
      <line num="32" count="1" type="stmt"/>
      <line num="34" count="1" type="stmt"/>
      <line num="35" count="3" type="stmt"/>
      <line num="36" count="3" type="stmt"/>
      <line num="37" count="21" type="cond" truecount="8" falsecount="0"/>
      <line num="38" count="9" type="stmt"/>
      <line num="41" count="3" type="stmt"/>
      <line num="44" count="1" type="stmt"/>
      <line num="48" count="1" type="stmt"/>
      <line num="49" count="2" type="stmt"/>
      <line num="50" count="2" type="stmt"/>
      <line num="51" count="2" type="cond" truecount="1" falsecount="1"/>
      <line num="52" count="2" type="stmt"/>
      <line num="53" count="2" type="stmt"/>
      <line num="55" count="2" type="stmt"/>
      <line num="56" count="7" type="stmt"/>
      <line num="58" count="2" type="stmt"/>
      <line num="61" count="1" type="stmt"/>
      <line num="62" count="1" type="stmt"/>
      <line num="65" count="1" type="cond" truecount="1" falsecount="0"/>
      <line num="66" count="5" type="stmt"/>
      <line num="68" count="5" type="stmt"/>
      <line num="69" count="9" type="stmt"/>
      <line num="71" count="5" type="stmt"/>
      <line num="72" count="5" type="stmt"/>
      <line num="73" count="9" type="stmt"/>
      <line num="75" count="5" type="stmt"/>
      <line num="76" count="5" type="stmt"/>
      <line num="79" count="1" type="stmt"/>
      <line num="80" count="1" type="stmt"/>
      <line num="81" count="1" type="stmt"/>
      <line num="82" count="1" type="stmt"/>
      <line num="84" count="1" type="stmt"/>
      <line num="90" count="1" type="stmt"/>
      <line num="91" count="2" type="stmt"/>
      <line num="92" count="2" type="stmt"/>
      <line num="93" count="12" type="cond" truecount="2" falsecount="0"/>
      <line num="94" count="7" type="stmt"/>
      <line num="96" count="5" type="stmt"/>
      <line num="98" count="2" type="stmt"/>
      <line num="101" count="6" type="stmt"/>
      <line num="105" count="1" type="cond" truecount="1" falsecount="0"/>
      <line num="106" count="5" type="stmt"/>
      <line num="107" count="5" type="stmt"/>
      <line num="108" count="5" type="cond" truecount="2" falsecount="0"/>
      <line num="109" count="1" type="stmt"/>
      <line num="111" count="5" type="stmt"/>
      <line num="112" count="9" type="stmt"/>
      <line num="114" count="5" type="stmt"/>
      <line num="117" count="1" type="stmt"/>
      <line num="118" count="1" type="stmt"/>
      <line num="119" count="1" type="stmt"/>
      <line num="120" count="1" type="stmt"/>
      <line num="122" count="1" type="stmt"/>
      <line num="127" count="1" type="stmt"/>
      <line num="128" count="3" type="stmt"/>
      <line num="129" count="3" type="stmt"/>
      <line num="130" count="14" type="cond" truecount="2" falsecount="0"/>
      <line num="131" count="7" type="stmt"/>
      <line num="134" count="3" type="stmt"/>
      <line num="137" count="2" type="stmt"/>
      <line num="139" count="1" type="stmt"/>
      <line num="146" count="1" type="cond" truecount="0" falsecount="1"/>
      <line num="147" count="2" type="stmt"/>
      <line num="148" count="2" type="stmt"/>
      <line num="149" count="6" type="cond" truecount="2" falsecount="0"/>
      <line num="150" count="3" type="stmt"/>
      <line num="153" count="2" type="stmt"/>
      <line num="156" count="3" type="stmt"/>
      <line num="159" count="1" type="cond" truecount="1" falsecount="0"/>
      <line num="160" count="5" type="cond" truecount="2" falsecount="0"/>
      <line num="161" count="1" type="stmt"/>
      <line num="163" count="5" type="cond" truecount="2" falsecount="0"/>
      <line num="164" count="3" type="stmt"/>
      <line num="165" count="4" type="cond" truecount="2" falsecount="0"/>
      <line num="166" count="2" type="stmt"/>
      <line num="170" count="3" type="cond" truecount="4" falsecount="0"/>
      <line num="171" count="1" type="stmt"/>
      <line num="172" count="1" type="stmt"/>
      <line num="173" count="1" type="cond" truecount="1" falsecount="1"/>
      <line num="174" count="1" type="stmt"/>
      <line num="176" count="0" type="stmt"/>
      <line num="179" count="2" type="cond" truecount="2" falsecount="0"/>
      <line num="180" count="1" type="cond" truecount="1" falsecount="1"/>
      <line num="181" count="1" type="stmt"/>
      <line num="184" count="1" type="stmt"/>
      <line num="187" count="1" type="stmt"/>
      <line num="188" count="1" type="stmt"/>
      <line num="189" count="1" type="stmt"/>
      <line num="190" count="1" type="stmt"/>
      <line num="192" count="1" type="stmt"/>
      <line num="193" count="4" type="stmt"/>
      <line num="196" count="1" type="stmt"/>
      <line num="197" count="3" type="stmt"/>
      <line num="198" count="3" type="cond" truecount="2" falsecount="0"/>
      <line num="199" count="2" type="stmt"/>
      <line num="200" count="5" type="stmt"/>
      <line num="203" count="3" type="cond" truecount="4" falsecount="0"/>
      <line num="204" count="1" type="stmt"/>
      <line num="205" count="1" type="stmt"/>
      <line num="206" count="2" type="stmt"/>
      <line num="209" count="3" type="stmt"/>
      <line num="212" count="1" type="stmt"/>
      <line num="213" count="1" type="stmt"/>
      <line num="215" count="1" type="stmt"/>
      <line num="216" count="4" type="stmt"/>
      <line num="217" count="4" type="stmt"/>
      <line num="218" count="4" type="stmt"/>
      <line num="219" count="4" type="stmt"/>
      <line num="220" count="12" type="stmt"/>
      <line num="222" count="4" type="stmt"/>
      <line num="223" count="4" type="stmt"/>
      <line num="224" count="12" type="stmt"/>
      <line num="225" count="36" type="stmt"/>
      <line num="229" count="4" type="stmt"/>
      <line num="232" count="1" type="stmt"/>
      <line num="233" count="1" type="stmt"/>
      <line num="234" count="1" type="stmt"/>
      <line num="236" count="1" type="stmt"/>
      <line num="237" count="2" type="stmt"/>
      <line num="238" count="2" type="stmt"/>
      <line num="239" count="2" type="stmt"/>
      <line num="240" count="2" type="stmt"/>
      <line num="241" count="4" type="stmt"/>
      <line num="243" count="2" type="stmt"/>
      <line num="246" count="1" type="stmt"/>
      <line num="250" count="1" type="stmt"/>
      <line num="253" count="1" type="stmt"/>
      <line num="256" count="1" type="stmt"/>
      <line num="257" count="15" type="stmt"/>
      <line num="260" count="1" type="stmt"/>
      <line num="261" count="2" type="stmt"/>
      <line num="262" count="2" type="stmt"/>
      <line num="264" count="2" type="stmt"/>
      <line num="265" count="6" type="stmt"/>
      <line num="266" count="6" type="stmt"/>
      <line num="267" count="12" type="cond" truecount="2" falsecount="0"/>
      <line num="268" count="4" type="stmt"/>
      <line num="271" count="6" type="cond" truecount="2" falsecount="0"/>
      <line num="272" count="2" type="stmt"/>
      <line num="275" count="2" type="stmt"/>
      <line num="279" count="1" type="stmt"/>
      <line num="280" count="1" type="stmt"/>
      <line num="282" count="1" type="stmt"/>
      <line num="283" count="2" type="stmt"/>
      <line num="284" count="2" type="stmt"/>
      <line num="285" count="6" type="cond" truecount="2" falsecount="0"/>
      <line num="286" count="2" type="stmt"/>
      <line num="290" count="2" type="stmt"/>
      <line num="293" count="3" type="stmt"/>
      <line num="295" count="1" type="stmt"/>
      <line num="297" count="1" type="stmt"/>
      <line num="298" count="2" type="stmt"/>
      <line num="299" count="2" type="stmt"/>
      <line num="300" count="6" type="stmt"/>
      <line num="301" count="12" type="cond" truecount="2" falsecount="0"/>
      <line num="302" count="4" type="stmt"/>
      <line num="306" count="2" type="stmt"/>
      <line num="310" count="1" type="stmt"/>
      <line num="312" count="1" type="stmt"/>
      <line num="313" count="2" type="stmt"/>
      <line num="314" count="2" type="stmt"/>
      <line num="315" count="6" type="stmt"/>
      <line num="316" count="6" type="cond" truecount="1" falsecount="1"/>
      <line num="317" count="0" type="stmt"/>
      <line num="319" count="6" type="cond" truecount="1" falsecount="1"/>
      <line num="320" count="6" type="stmt"/>
      <line num="323" count="2" type="stmt"/>
      <line num="327" count="3" type="stmt"/>
      <line num="330" count="1" type="stmt"/>
      <line num="331" count="1" type="stmt"/>
      <line num="334" count="1" type="stmt"/>
      <line num="336" count="1" type="stmt"/>
      <line num="337" count="2" type="stmt"/>
      <line num="338" count="2" type="stmt"/>
      <line num="339" count="4" type="stmt"/>
      <line num="341" count="2" type="stmt"/>
      <line num="344" count="1" type="stmt"/>
      <line num="346" count="1" type="stmt"/>
    </file>
  </project>
</coverage>
