{"C:\\Users\\gnoos\\Documents\\GitHub\\custom_loadash\\scripts\\customLoadash.js": {"path":"C:\\Users\\gnoos\\Documents\\GitHub\\custom_loadash\\scripts\\customLoadash.js","statementMap":{"0":{"start":{"line":4,"column":16},"end":{"line":4,"column":18}},"1":{"start":{"line":5,"column":14},"end":{"line":5,"column":16}},"2":{"start":{"line":6,"column":1},"end":{"line":25,"column":2}},"3":{"start":{"line":6,"column":14},"end":{"line":6,"column":15}},"4":{"start":{"line":8,"column":2},"end":{"line":10,"column":3}},"5":{"start":{"line":9,"column":3},"end":{"line":9,"column":35}},"6":{"start":{"line":12,"column":2},"end":{"line":14,"column":3}},"7":{"start":{"line":13,"column":3},"end":{"line":13,"column":35}},"8":{"start":{"line":16,"column":2},"end":{"line":20,"column":3}},"9":{"start":{"line":17,"column":3},"end":{"line":17,"column":37}},"10":{"start":{"line":18,"column":3},"end":{"line":18,"column":14}},"11":{"start":{"line":19,"column":3},"end":{"line":19,"column":35}},"12":{"start":{"line":22,"column":2},"end":{"line":24,"column":3}},"13":{"start":{"line":23,"column":3},"end":{"line":23,"column":37}},"14":{"start":{"line":26,"column":1},"end":{"line":26,"column":16}},"15":{"start":{"line":30,"column":0},"end":{"line":30,"column":55}},"16":{"start":{"line":31,"column":0},"end":{"line":31,"column":60}},"17":{"start":{"line":32,"column":0},"end":{"line":32,"column":65}},"18":{"start":{"line":34,"column":16},"end":{"line":42,"column":1}},"19":{"start":{"line":35,"column":16},"end":{"line":35,"column":18}},"20":{"start":{"line":36,"column":1},"end":{"line":40,"column":2}},"21":{"start":{"line":36,"column":14},"end":{"line":36,"column":15}},"22":{"start":{"line":37,"column":2},"end":{"line":39,"column":3}},"23":{"start":{"line":38,"column":3},"end":{"line":38,"column":39}},"24":{"start":{"line":41,"column":1},"end":{"line":41,"column":16}},"25":{"start":{"line":44,"column":0},"end":{"line":44,"column":43}},"26":{"start":{"line":48,"column":16},"end":{"line":59,"column":1}},"27":{"start":{"line":49,"column":14},"end":{"line":49,"column":20}},"28":{"start":{"line":50,"column":15},"end":{"line":50,"column":21}},"29":{"start":{"line":51,"column":1},"end":{"line":54,"column":2}},"30":{"start":{"line":52,"column":2},"end":{"line":52,"column":17}},"31":{"start":{"line":53,"column":2},"end":{"line":53,"column":18}},"32":{"start":{"line":55,"column":1},"end":{"line":57,"column":2}},"33":{"start":{"line":55,"column":14},"end":{"line":55,"column":15}},"34":{"start":{"line":56,"column":2},"end":{"line":56,"column":37}},"35":{"start":{"line":58,"column":1},"end":{"line":58,"column":15}},"36":{"start":{"line":61,"column":0},"end":{"line":61,"column":28}},"37":{"start":{"line":62,"column":0},"end":{"line":62,"column":45}},"38":{"start":{"line":65,"column":13},"end":{"line":77,"column":1}},"39":{"start":{"line":66,"column":18},"end":{"line":66,"column":20}},"40":{"start":{"line":68,"column":1},"end":{"line":70,"column":2}},"41":{"start":{"line":68,"column":14},"end":{"line":68,"column":30}},"42":{"start":{"line":69,"column":2},"end":{"line":69,"column":42}},"43":{"start":{"line":71,"column":14},"end":{"line":71,"column":16}},"44":{"start":{"line":72,"column":1},"end":{"line":74,"column":2}},"45":{"start":{"line":72,"column":14},"end":{"line":72,"column":35}},"46":{"start":{"line":73,"column":2},"end":{"line":73,"column":39}},"47":{"start":{"line":75,"column":1},"end":{"line":75,"column":20}},"48":{"start":{"line":76,"column":1},"end":{"line":76,"column":18}},"49":{"start":{"line":79,"column":0},"end":{"line":79,"column":15}},"50":{"start":{"line":80,"column":0},"end":{"line":80,"column":18}},"51":{"start":{"line":81,"column":0},"end":{"line":81,"column":18}},"52":{"start":{"line":82,"column":0},"end":{"line":82,"column":18}},"53":{"start":{"line":84,"column":12},"end":{"line":88,"column":1}},"54":{"start":{"line":90,"column":18},"end":{"line":99,"column":1}},"55":{"start":{"line":91,"column":20},"end":{"line":91,"column":22}},"56":{"start":{"line":92,"column":1},"end":{"line":97,"column":2}},"57":{"start":{"line":92,"column":14},"end":{"line":92,"column":15}},"58":{"start":{"line":93,"column":2},"end":{"line":95,"column":3}},"59":{"start":{"line":94,"column":3},"end":{"line":94,"column":11}},"60":{"start":{"line":96,"column":2},"end":{"line":96,"column":46}},"61":{"start":{"line":98,"column":1},"end":{"line":98,"column":20}},"62":{"start":{"line":101,"column":0},"end":{"line":101,"column":61}},"63":{"start":{"line":101,"column":44},"end":{"line":101,"column":58}},"64":{"start":{"line":105,"column":13},"end":{"line":115,"column":1}},"65":{"start":{"line":106,"column":17},"end":{"line":106,"column":19}},"66":{"start":{"line":107,"column":15},"end":{"line":107,"column":18}},"67":{"start":{"line":108,"column":1},"end":{"line":110,"column":2}},"68":{"start":{"line":109,"column":2},"end":{"line":109,"column":24}},"69":{"start":{"line":111,"column":1},"end":{"line":113,"column":2}},"70":{"start":{"line":111,"column":14},"end":{"line":111,"column":15}},"71":{"start":{"line":112,"column":2},"end":{"line":112,"column":36}},"72":{"start":{"line":114,"column":1},"end":{"line":114,"column":15}},"73":{"start":{"line":117,"column":0},"end":{"line":117,"column":15}},"74":{"start":{"line":118,"column":0},"end":{"line":118,"column":18}},"75":{"start":{"line":119,"column":0},"end":{"line":119,"column":18}},"76":{"start":{"line":120,"column":0},"end":{"line":120,"column":18}},"77":{"start":{"line":122,"column":13},"end":{"line":125,"column":3}},"78":{"start":{"line":127,"column":15},"end":{"line":135,"column":3}},"79":{"start":{"line":128,"column":22},"end":{"line":128,"column":24}},"80":{"start":{"line":129,"column":4},"end":{"line":133,"column":2}},"81":{"start":{"line":129,"column":17},"end":{"line":129,"column":18}},"82":{"start":{"line":130,"column":2},"end":{"line":132,"column":5}},"83":{"start":{"line":131,"column":3},"end":{"line":131,"column":47}},"84":{"start":{"line":134,"column":4},"end":{"line":134,"column":24}},"85":{"start":{"line":137,"column":0},"end":{"line":137,"column":49}},"86":{"start":{"line":137,"column":29},"end":{"line":137,"column":46}},"87":{"start":{"line":139,"column":13},"end":{"line":144,"column":3}},"88":{"start":{"line":146,"column":13},"end":{"line":154,"column":1}},"89":{"start":{"line":147,"column":18},"end":{"line":147,"column":20}},"90":{"start":{"line":148,"column":1},"end":{"line":152,"column":2}},"91":{"start":{"line":148,"column":13},"end":{"line":148,"column":18}},"92":{"start":{"line":149,"column":2},"end":{"line":151,"column":3}},"93":{"start":{"line":150,"column":3},"end":{"line":150,"column":39}},"94":{"start":{"line":153,"column":1},"end":{"line":153,"column":37}},"95":{"start":{"line":156,"column":0},"end":{"line":156,"column":51}},"96":{"start":{"line":156,"column":27},"end":{"line":156,"column":45}},"97":{"start":{"line":159,"column":17},"end":{"line":185,"column":1}},"98":{"start":{"line":160,"column":1},"end":{"line":162,"column":2}},"99":{"start":{"line":161,"column":2},"end":{"line":161,"column":35}},"100":{"start":{"line":163,"column":1},"end":{"line":169,"column":2}},"101":{"start":{"line":164,"column":2},"end":{"line":168,"column":3}},"102":{"start":{"line":164,"column":15},"end":{"line":164,"column":20}},"103":{"start":{"line":165,"column":3},"end":{"line":167,"column":4}},"104":{"start":{"line":166,"column":4},"end":{"line":166,"column":15}},"105":{"start":{"line":170,"column":1},"end":{"line":178,"column":2}},"106":{"start":{"line":171,"column":15},"end":{"line":171,"column":38}},"107":{"start":{"line":172,"column":2},"end":{"line":177,"column":3}},"108":{"start":{"line":172,"column":14},"end":{"line":172,"column":19}},"109":{"start":{"line":173,"column":3},"end":{"line":175,"column":4}},"110":{"start":{"line":174,"column":4},"end":{"line":174,"column":15}},"111":{"start":{"line":176,"column":3},"end":{"line":176,"column":15}},"112":{"start":{"line":179,"column":1},"end":{"line":183,"column":2}},"113":{"start":{"line":180,"column":2},"end":{"line":182,"column":3}},"114":{"start":{"line":181,"column":3},"end":{"line":181,"column":14}},"115":{"start":{"line":184,"column":1},"end":{"line":184,"column":13}},"116":{"start":{"line":187,"column":0},"end":{"line":187,"column":22}},"117":{"start":{"line":188,"column":0},"end":{"line":188,"column":25}},"118":{"start":{"line":189,"column":0},"end":{"line":189,"column":31}},"119":{"start":{"line":190,"column":0},"end":{"line":190,"column":22}},"120":{"start":{"line":192,"column":15},"end":{"line":194,"column":1}},"121":{"start":{"line":193,"column":1},"end":{"line":193,"column":13}},"122":{"start":{"line":196,"column":12},"end":{"line":210,"column":1}},"123":{"start":{"line":197,"column":16},"end":{"line":197,"column":18}},"124":{"start":{"line":198,"column":1},"end":{"line":202,"column":2}},"125":{"start":{"line":199,"column":2},"end":{"line":201,"column":3}},"126":{"start":{"line":199,"column":15},"end":{"line":199,"column":16}},"127":{"start":{"line":200,"column":3},"end":{"line":200,"column":46}},"128":{"start":{"line":203,"column":1},"end":{"line":208,"column":2}},"129":{"start":{"line":204,"column":15},"end":{"line":204,"column":38}},"130":{"start":{"line":205,"column":2},"end":{"line":207,"column":3}},"131":{"start":{"line":205,"column":15},"end":{"line":205,"column":16}},"132":{"start":{"line":206,"column":3},"end":{"line":206,"column":52}},"133":{"start":{"line":209,"column":1},"end":{"line":209,"column":14}},"134":{"start":{"line":212,"column":0},"end":{"line":212,"column":19}},"135":{"start":{"line":213,"column":0},"end":{"line":213,"column":31}},"136":{"start":{"line":215,"column":12},"end":{"line":230,"column":1}},"137":{"start":{"line":216,"column":15},"end":{"line":216,"column":17}},"138":{"start":{"line":217,"column":1},"end":{"line":217,"column":32}},"139":{"start":{"line":218,"column":17},"end":{"line":218,"column":19}},"140":{"start":{"line":219,"column":1},"end":{"line":221,"column":2}},"141":{"start":{"line":220,"column":2},"end":{"line":220,"column":19}},"142":{"start":{"line":222,"column":1},"end":{"line":228,"column":2}},"143":{"start":{"line":222,"column":14},"end":{"line":222,"column":15}},"144":{"start":{"line":223,"column":2},"end":{"line":227,"column":3}},"145":{"start":{"line":223,"column":15},"end":{"line":223,"column":16}},"146":{"start":{"line":224,"column":3},"end":{"line":226,"column":4}},"147":{"start":{"line":224,"column":16},"end":{"line":224,"column":17}},"148":{"start":{"line":225,"column":4},"end":{"line":225,"column":56}},"149":{"start":{"line":229,"column":1},"end":{"line":229,"column":17}},"150":{"start":{"line":232,"column":0},"end":{"line":232,"column":38}},"151":{"start":{"line":233,"column":0},"end":{"line":233,"column":54}},"152":{"start":{"line":234,"column":0},"end":{"line":234,"column":70}},"153":{"start":{"line":236,"column":14},"end":{"line":244,"column":1}},"154":{"start":{"line":237,"column":15},"end":{"line":237,"column":32}},"155":{"start":{"line":238,"column":19},"end":{"line":238,"column":21}},"156":{"start":{"line":239,"column":1},"end":{"line":239,"column":26}},"157":{"start":{"line":240,"column":1},"end":{"line":242,"column":2}},"158":{"start":{"line":240,"column":14},"end":{"line":240,"column":15}},"159":{"start":{"line":241,"column":2},"end":{"line":241,"column":72}},"160":{"start":{"line":243,"column":1},"end":{"line":243,"column":19}},"161":{"start":{"line":246,"column":13},"end":{"line":248,"column":3}},"162":{"start":{"line":250,"column":12},"end":{"line":252,"column":3}},"163":{"start":{"line":253,"column":0},"end":{"line":253,"column":20}},"164":{"start":{"line":256,"column":16},"end":{"line":258,"column":3}},"165":{"start":{"line":257,"column":4},"end":{"line":257,"column":37}},"166":{"start":{"line":260,"column":13},"end":{"line":277,"column":1}},"167":{"start":{"line":261,"column":20},"end":{"line":261,"column":22}},"168":{"start":{"line":262,"column":15},"end":{"line":262,"column":33}},"169":{"start":{"line":264,"column":1},"end":{"line":274,"column":2}},"170":{"start":{"line":265,"column":22},"end":{"line":265,"column":26}},"171":{"start":{"line":266,"column":2},"end":{"line":270,"column":3}},"172":{"start":{"line":266,"column":15},"end":{"line":266,"column":16}},"173":{"start":{"line":267,"column":2},"end":{"line":269,"column":3}},"174":{"start":{"line":268,"column":3},"end":{"line":268,"column":25}},"175":{"start":{"line":271,"column":2},"end":{"line":273,"column":3}},"176":{"start":{"line":272,"column":3},"end":{"line":272,"column":34}},"177":{"start":{"line":275,"column":1},"end":{"line":275,"column":19}},"178":{"start":{"line":279,"column":21},"end":{"line":279,"column":49}},"179":{"start":{"line":280,"column":0},"end":{"line":280,"column":30}},"180":{"start":{"line":282,"column":15},"end":{"line":291,"column":1}},"181":{"start":{"line":283,"column":19},"end":{"line":283,"column":21}},"182":{"start":{"line":284,"column":1},"end":{"line":289,"column":2}},"183":{"start":{"line":285,"column":2},"end":{"line":287,"column":3}},"184":{"start":{"line":286,"column":3},"end":{"line":286,"column":35}},"185":{"start":{"line":290,"column":1},"end":{"line":290,"column":19}},"186":{"start":{"line":293,"column":0},"end":{"line":293,"column":47}},"187":{"start":{"line":293,"column":33},"end":{"line":293,"column":45}},"188":{"start":{"line":295,"column":21},"end":{"line":295,"column":41}},"189":{"start":{"line":297,"column":13},"end":{"line":307,"column":1}},"190":{"start":{"line":298,"column":19},"end":{"line":298,"column":21}},"191":{"start":{"line":299,"column":1},"end":{"line":305,"column":2}},"192":{"start":{"line":300,"column":2},"end":{"line":304,"column":3}},"193":{"start":{"line":300,"column":15},"end":{"line":300,"column":16}},"194":{"start":{"line":301,"column":3},"end":{"line":303,"column":4}},"195":{"start":{"line":302,"column":4},"end":{"line":302,"column":36}},"196":{"start":{"line":306,"column":1},"end":{"line":306,"column":19}},"197":{"start":{"line":310,"column":0},"end":{"line":310,"column":30}},"198":{"start":{"line":312,"column":15},"end":{"line":324,"column":1}},"199":{"start":{"line":313,"column":19},"end":{"line":313,"column":21}},"200":{"start":{"line":314,"column":1},"end":{"line":322,"column":2}},"201":{"start":{"line":315,"column":18},"end":{"line":315,"column":22}},"202":{"start":{"line":316,"column":2},"end":{"line":318,"column":3}},"203":{"start":{"line":317,"column":3},"end":{"line":317,"column":21}},"204":{"start":{"line":319,"column":2},"end":{"line":321,"column":3}},"205":{"start":{"line":320,"column":3},"end":{"line":320,"column":37}},"206":{"start":{"line":323,"column":1},"end":{"line":323,"column":19}},"207":{"start":{"line":327,"column":0},"end":{"line":327,"column":63}},"208":{"start":{"line":327,"column":33},"end":{"line":327,"column":61}},"209":{"start":{"line":330,"column":1},"end":{"line":330,"column":12}},"210":{"start":{"line":331,"column":1},"end":{"line":331,"column":12}},"211":{"start":{"line":334,"column":0},"end":{"line":334,"column":20}},"212":{"start":{"line":336,"column":16},"end":{"line":342,"column":3}},"213":{"start":{"line":337,"column":23},"end":{"line":337,"column":25}},"214":{"start":{"line":338,"column":1},"end":{"line":340,"column":2}},"215":{"start":{"line":339,"column":2},"end":{"line":339,"column":60}},"216":{"start":{"line":341,"column":4},"end":{"line":341,"column":23}},"217":{"start":{"line":344,"column":0},"end":{"line":344,"column":16}},"218":{"start":{"line":346,"column":0},"end":{"line":346,"column":145}}},"fnMap":{"0":{"name":"chunk","decl":{"start":{"line":3,"column":9},"end":{"line":3,"column":14}},"loc":{"start":{"line":3,"column":38},"end":{"line":27,"column":1}},"line":3},"1":{"name":"(anonymous_1)","decl":{"start":{"line":34,"column":16},"end":{"line":34,"column":17}},"loc":{"start":{"line":34,"column":27},"end":{"line":42,"column":1}},"line":34},"2":{"name":"(anonymous_2)","decl":{"start":{"line":48,"column":16},"end":{"line":48,"column":17}},"loc":{"start":{"line":48,"column":36},"end":{"line":59,"column":1}},"line":48},"3":{"name":"(anonymous_3)","decl":{"start":{"line":65,"column":13},"end":{"line":65,"column":14}},"loc":{"start":{"line":65,"column":33},"end":{"line":77,"column":1}},"line":65},"4":{"name":"(anonymous_4)","decl":{"start":{"line":90,"column":18},"end":{"line":90,"column":19}},"loc":{"start":{"line":90,"column":35},"end":{"line":99,"column":1}},"line":90},"5":{"name":"(anonymous_5)","decl":{"start":{"line":101,"column":30},"end":{"line":101,"column":31}},"loc":{"start":{"line":101,"column":42},"end":{"line":101,"column":60}},"line":101},"6":{"name":"(anonymous_6)","decl":{"start":{"line":105,"column":13},"end":{"line":105,"column":14}},"loc":{"start":{"line":105,"column":33},"end":{"line":115,"column":1}},"line":105},"7":{"name":"(anonymous_7)","decl":{"start":{"line":127,"column":15},"end":{"line":127,"column":16}},"loc":{"start":{"line":127,"column":32},"end":{"line":135,"column":3}},"line":127},"8":{"name":"(anonymous_8)","decl":{"start":{"line":137,"column":15},"end":{"line":137,"column":16}},"loc":{"start":{"line":137,"column":27},"end":{"line":137,"column":48}},"line":137},"9":{"name":"(anonymous_9)","decl":{"start":{"line":146,"column":13},"end":{"line":146,"column":14}},"loc":{"start":{"line":146,"column":41},"end":{"line":154,"column":1}},"line":146},"10":{"name":"(anonymous_10)","decl":{"start":{"line":156,"column":13},"end":{"line":156,"column":14}},"loc":{"start":{"line":156,"column":25},"end":{"line":156,"column":47}},"line":156},"11":{"name":"(anonymous_11)","decl":{"start":{"line":159,"column":17},"end":{"line":159,"column":18}},"loc":{"start":{"line":159,"column":52},"end":{"line":185,"column":1}},"line":159},"12":{"name":"(anonymous_12)","decl":{"start":{"line":192,"column":15},"end":{"line":192,"column":16}},"loc":{"start":{"line":192,"column":22},"end":{"line":194,"column":1}},"line":192},"13":{"name":"(anonymous_13)","decl":{"start":{"line":196,"column":12},"end":{"line":196,"column":13}},"loc":{"start":{"line":196,"column":34},"end":{"line":210,"column":1}},"line":196},"14":{"name":"(anonymous_14)","decl":{"start":{"line":215,"column":12},"end":{"line":215,"column":13}},"loc":{"start":{"line":215,"column":26},"end":{"line":230,"column":1}},"line":215},"15":{"name":"(anonymous_15)","decl":{"start":{"line":236,"column":14},"end":{"line":236,"column":15}},"loc":{"start":{"line":236,"column":30},"end":{"line":244,"column":1}},"line":236},"16":{"name":"(anonymous_16)","decl":{"start":{"line":256,"column":16},"end":{"line":256,"column":17}},"loc":{"start":{"line":256,"column":46},"end":{"line":258,"column":3}},"line":256},"17":{"name":"(anonymous_17)","decl":{"start":{"line":260,"column":13},"end":{"line":260,"column":14}},"loc":{"start":{"line":260,"column":42},"end":{"line":277,"column":1}},"line":260},"18":{"name":"(anonymous_18)","decl":{"start":{"line":282,"column":15},"end":{"line":282,"column":16}},"loc":{"start":{"line":282,"column":33},"end":{"line":291,"column":1}},"line":282},"19":{"name":"(anonymous_19)","decl":{"start":{"line":293,"column":21},"end":{"line":293,"column":22}},"loc":{"start":{"line":293,"column":32},"end":{"line":293,"column":46}},"line":293},"20":{"name":"(anonymous_20)","decl":{"start":{"line":297,"column":13},"end":{"line":297,"column":14}},"loc":{"start":{"line":297,"column":37},"end":{"line":307,"column":1}},"line":297},"21":{"name":"(anonymous_21)","decl":{"start":{"line":312,"column":15},"end":{"line":312,"column":16}},"loc":{"start":{"line":312,"column":33},"end":{"line":324,"column":1}},"line":312},"22":{"name":"(anonymous_22)","decl":{"start":{"line":327,"column":21},"end":{"line":327,"column":22}},"loc":{"start":{"line":327,"column":32},"end":{"line":327,"column":62}},"line":327},"23":{"name":"Foo","decl":{"start":{"line":329,"column":9},"end":{"line":329,"column":12}},"loc":{"start":{"line":329,"column":15},"end":{"line":332,"column":3}},"line":329},"24":{"name":"(anonymous_24)","decl":{"start":{"line":336,"column":16},"end":{"line":336,"column":17}},"loc":{"start":{"line":336,"column":28},"end":{"line":342,"column":3}},"line":336}},"branchMap":{"0":{"loc":{"start":{"line":3,"column":23},"end":{"line":3,"column":36}},"type":"default-arg","locations":[{"start":{"line":3,"column":35},"end":{"line":3,"column":36}}],"line":3},"1":{"loc":{"start":{"line":8,"column":2},"end":{"line":10,"column":3}},"type":"if","locations":[{"start":{"line":8,"column":2},"end":{"line":10,"column":3}},{"start":{"line":8,"column":2},"end":{"line":10,"column":3}}],"line":8},"2":{"loc":{"start":{"line":12,"column":2},"end":{"line":14,"column":3}},"type":"if","locations":[{"start":{"line":12,"column":2},"end":{"line":14,"column":3}},{"start":{"line":12,"column":2},"end":{"line":14,"column":3}}],"line":12},"3":{"loc":{"start":{"line":12,"column":6},"end":{"line":12,"column":51}},"type":"binary-expr","locations":[{"start":{"line":12,"column":6},"end":{"line":12,"column":25}},{"start":{"line":12,"column":29},"end":{"line":12,"column":51}}],"line":12},"4":{"loc":{"start":{"line":16,"column":2},"end":{"line":20,"column":3}},"type":"if","locations":[{"start":{"line":16,"column":2},"end":{"line":20,"column":3}},{"start":{"line":16,"column":2},"end":{"line":20,"column":3}}],"line":16},"5":{"loc":{"start":{"line":16,"column":6},"end":{"line":16,"column":62}},"type":"binary-expr","locations":[{"start":{"line":16,"column":6},"end":{"line":16,"column":25}},{"start":{"line":16,"column":29},"end":{"line":16,"column":36}},{"start":{"line":16,"column":40},"end":{"line":16,"column":62}}],"line":16},"6":{"loc":{"start":{"line":22,"column":2},"end":{"line":24,"column":3}},"type":"if","locations":[{"start":{"line":22,"column":2},"end":{"line":24,"column":3}},{"start":{"line":22,"column":2},"end":{"line":24,"column":3}}],"line":22},"7":{"loc":{"start":{"line":37,"column":2},"end":{"line":39,"column":3}},"type":"if","locations":[{"start":{"line":37,"column":2},"end":{"line":39,"column":3}},{"start":{"line":37,"column":2},"end":{"line":39,"column":3}}],"line":37},"8":{"loc":{"start":{"line":37,"column":6},"end":{"line":37,"column":128}},"type":"binary-expr","locations":[{"start":{"line":37,"column":6},"end":{"line":37,"column":24}},{"start":{"line":37,"column":28},"end":{"line":37,"column":43}},{"start":{"line":37,"column":47},"end":{"line":37,"column":64}},{"start":{"line":37,"column":68},"end":{"line":37,"column":90}},{"start":{"line":37,"column":94},"end":{"line":37,"column":110}},{"start":{"line":37,"column":114},"end":{"line":37,"column":128}}],"line":37},"9":{"loc":{"start":{"line":51,"column":1},"end":{"line":54,"column":2}},"type":"if","locations":[{"start":{"line":51,"column":1},"end":{"line":54,"column":2}},{"start":{"line":51,"column":1},"end":{"line":54,"column":2}}],"line":51},"10":{"loc":{"start":{"line":65,"column":21},"end":{"line":65,"column":28}},"type":"default-arg","locations":[{"start":{"line":65,"column":27},"end":{"line":65,"column":28}}],"line":65},"11":{"loc":{"start":{"line":93,"column":2},"end":{"line":95,"column":3}},"type":"if","locations":[{"start":{"line":93,"column":2},"end":{"line":95,"column":3}},{"start":{"line":93,"column":2},"end":{"line":95,"column":3}}],"line":93},"12":{"loc":{"start":{"line":105,"column":21},"end":{"line":105,"column":28}},"type":"default-arg","locations":[{"start":{"line":105,"column":27},"end":{"line":105,"column":28}}],"line":105},"13":{"loc":{"start":{"line":108,"column":1},"end":{"line":110,"column":2}},"type":"if","locations":[{"start":{"line":108,"column":1},"end":{"line":110,"column":2}},{"start":{"line":108,"column":1},"end":{"line":110,"column":2}}],"line":108},"14":{"loc":{"start":{"line":130,"column":2},"end":{"line":132,"column":5}},"type":"if","locations":[{"start":{"line":130,"column":2},"end":{"line":132,"column":5}},{"start":{"line":130,"column":2},"end":{"line":132,"column":5}}],"line":130},"15":{"loc":{"start":{"line":146,"column":27},"end":{"line":146,"column":36}},"type":"default-arg","locations":[{"start":{"line":146,"column":35},"end":{"line":146,"column":36}}],"line":146},"16":{"loc":{"start":{"line":149,"column":2},"end":{"line":151,"column":3}},"type":"if","locations":[{"start":{"line":149,"column":2},"end":{"line":151,"column":3}},{"start":{"line":149,"column":2},"end":{"line":151,"column":3}}],"line":149},"17":{"loc":{"start":{"line":159,"column":38},"end":{"line":159,"column":47}},"type":"default-arg","locations":[{"start":{"line":159,"column":46},"end":{"line":159,"column":47}}],"line":159},"18":{"loc":{"start":{"line":160,"column":1},"end":{"line":162,"column":2}},"type":"if","locations":[{"start":{"line":160,"column":1},"end":{"line":162,"column":2}},{"start":{"line":160,"column":1},"end":{"line":162,"column":2}}],"line":160},"19":{"loc":{"start":{"line":163,"column":1},"end":{"line":169,"column":2}},"type":"if","locations":[{"start":{"line":163,"column":1},"end":{"line":169,"column":2}},{"start":{"line":163,"column":1},"end":{"line":169,"column":2}}],"line":163},"20":{"loc":{"start":{"line":165,"column":3},"end":{"line":167,"column":4}},"type":"if","locations":[{"start":{"line":165,"column":3},"end":{"line":167,"column":4}},{"start":{"line":165,"column":3},"end":{"line":167,"column":4}}],"line":165},"21":{"loc":{"start":{"line":170,"column":1},"end":{"line":178,"column":2}},"type":"if","locations":[{"start":{"line":170,"column":1},"end":{"line":178,"column":2}},{"start":{"line":170,"column":1},"end":{"line":178,"column":2}}],"line":170},"22":{"loc":{"start":{"line":170,"column":5},"end":{"line":170,"column":65}},"type":"binary-expr","locations":[{"start":{"line":170,"column":5},"end":{"line":170,"column":35}},{"start":{"line":170,"column":39},"end":{"line":170,"column":65}}],"line":170},"23":{"loc":{"start":{"line":173,"column":3},"end":{"line":175,"column":4}},"type":"if","locations":[{"start":{"line":173,"column":3},"end":{"line":175,"column":4}},{"start":{"line":173,"column":3},"end":{"line":175,"column":4}}],"line":173},"24":{"loc":{"start":{"line":179,"column":1},"end":{"line":183,"column":2}},"type":"if","locations":[{"start":{"line":179,"column":1},"end":{"line":183,"column":2}},{"start":{"line":179,"column":1},"end":{"line":183,"column":2}}],"line":179},"25":{"loc":{"start":{"line":180,"column":2},"end":{"line":182,"column":3}},"type":"if","locations":[{"start":{"line":180,"column":2},"end":{"line":182,"column":3}},{"start":{"line":180,"column":2},"end":{"line":182,"column":3}}],"line":180},"26":{"loc":{"start":{"line":198,"column":1},"end":{"line":202,"column":2}},"type":"if","locations":[{"start":{"line":198,"column":1},"end":{"line":202,"column":2}},{"start":{"line":198,"column":1},"end":{"line":202,"column":2}}],"line":198},"27":{"loc":{"start":{"line":203,"column":1},"end":{"line":208,"column":2}},"type":"if","locations":[{"start":{"line":203,"column":1},"end":{"line":208,"column":2}},{"start":{"line":203,"column":1},"end":{"line":208,"column":2}}],"line":203},"28":{"loc":{"start":{"line":203,"column":5},"end":{"line":203,"column":65}},"type":"binary-expr","locations":[{"start":{"line":203,"column":5},"end":{"line":203,"column":35}},{"start":{"line":203,"column":39},"end":{"line":203,"column":65}}],"line":203},"29":{"loc":{"start":{"line":267,"column":2},"end":{"line":269,"column":3}},"type":"if","locations":[{"start":{"line":267,"column":2},"end":{"line":269,"column":3}},{"start":{"line":267,"column":2},"end":{"line":269,"column":3}}],"line":267},"30":{"loc":{"start":{"line":271,"column":2},"end":{"line":273,"column":3}},"type":"if","locations":[{"start":{"line":271,"column":2},"end":{"line":273,"column":3}},{"start":{"line":271,"column":2},"end":{"line":273,"column":3}}],"line":271},"31":{"loc":{"start":{"line":285,"column":2},"end":{"line":287,"column":3}},"type":"if","locations":[{"start":{"line":285,"column":2},"end":{"line":287,"column":3}},{"start":{"line":285,"column":2},"end":{"line":287,"column":3}}],"line":285},"32":{"loc":{"start":{"line":301,"column":3},"end":{"line":303,"column":4}},"type":"if","locations":[{"start":{"line":301,"column":3},"end":{"line":303,"column":4}},{"start":{"line":301,"column":3},"end":{"line":303,"column":4}}],"line":301},"33":{"loc":{"start":{"line":316,"column":2},"end":{"line":318,"column":3}},"type":"if","locations":[{"start":{"line":316,"column":2},"end":{"line":318,"column":3}},{"start":{"line":316,"column":2},"end":{"line":318,"column":3}}],"line":316},"34":{"loc":{"start":{"line":319,"column":2},"end":{"line":321,"column":3}},"type":"if","locations":[{"start":{"line":319,"column":2},"end":{"line":321,"column":3}},{"start":{"line":319,"column":2},"end":{"line":321,"column":3}}],"line":319}},"s":{"0":4,"1":4,"2":4,"3":4,"4":38,"5":4,"6":38,"7":23,"8":38,"9":7,"10":7,"11":7,"12":38,"13":4,"14":4,"15":1,"16":1,"17":1,"18":1,"19":3,"20":3,"21":3,"22":21,"23":9,"24":3,"25":1,"26":1,"27":2,"28":2,"29":2,"30":2,"31":2,"32":2,"33":2,"34":7,"35":2,"36":1,"37":1,"38":1,"39":5,"40":5,"41":5,"42":9,"43":5,"44":5,"45":5,"46":9,"47":5,"48":5,"49":1,"50":1,"51":1,"52":1,"53":1,"54":1,"55":2,"56":2,"57":2,"58":12,"59":7,"60":5,"61":2,"62":1,"63":6,"64":1,"65":5,"66":5,"67":5,"68":1,"69":5,"70":5,"71":9,"72":5,"73":1,"74":1,"75":1,"76":1,"77":1,"78":1,"79":3,"80":3,"81":3,"82":14,"83":7,"84":3,"85":1,"86":2,"87":1,"88":1,"89":2,"90":2,"91":2,"92":6,"93":3,"94":2,"95":1,"96":3,"97":1,"98":5,"99":1,"100":5,"101":3,"102":3,"103":4,"104":2,"105":3,"106":1,"107":1,"108":1,"109":1,"110":1,"111":0,"112":2,"113":1,"114":1,"115":1,"116":1,"117":1,"118":1,"119":1,"120":1,"121":4,"122":1,"123":3,"124":3,"125":2,"126":2,"127":5,"128":3,"129":1,"130":1,"131":1,"132":2,"133":3,"134":1,"135":1,"136":1,"137":4,"138":4,"139":4,"140":4,"141":12,"142":4,"143":4,"144":4,"145":4,"146":12,"147":12,"148":36,"149":4,"150":1,"151":1,"152":1,"153":1,"154":2,"155":2,"156":2,"157":2,"158":2,"159":4,"160":2,"161":1,"162":1,"163":1,"164":1,"165":15,"166":1,"167":2,"168":2,"169":2,"170":6,"171":6,"172":6,"173":12,"174":4,"175":6,"176":2,"177":2,"178":1,"179":1,"180":1,"181":2,"182":2,"183":6,"184":2,"185":2,"186":1,"187":3,"188":1,"189":1,"190":2,"191":2,"192":6,"193":6,"194":12,"195":4,"196":2,"197":1,"198":1,"199":2,"200":2,"201":6,"202":6,"203":0,"204":6,"205":6,"206":2,"207":1,"208":3,"209":1,"210":1,"211":1,"212":1,"213":2,"214":2,"215":4,"216":2,"217":1,"218":1},"f":{"0":4,"1":3,"2":2,"3":5,"4":2,"5":6,"6":5,"7":3,"8":2,"9":2,"10":3,"11":5,"12":4,"13":3,"14":4,"15":2,"16":15,"17":2,"18":2,"19":3,"20":2,"21":2,"22":3,"23":1,"24":2},"b":{"0":[0],"1":[4,34],"2":[23,15],"3":[38,26],"4":[7,31],"5":[38,12,8],"6":[4,34],"7":[9,12],"8":[21,19,17,14,14,12],"9":[2,0],"10":[1],"11":[7,5],"12":[1],"13":[1,4],"14":[7,7],"15":[0],"16":[3,3],"17":[3],"18":[1,4],"19":[3,2],"20":[2,2],"21":[1,2],"22":[3,2],"23":[1,0],"24":[1,1],"25":[1,0],"26":[2,1],"27":[1,2],"28":[3,3],"29":[4,8],"30":[2,4],"31":[2,4],"32":[4,8],"33":[0,6],"34":[6,0]},"_coverageSchema":"1a1c01bbd47fc00a2c39e90264f33305004495a9","hash":"d270f909e7540a78428613f8ee00edbdb7eec47d"}
}
