{"C:\\Users\\gnoos\\Documents\\GitHub\\custom-loadash\\scripts\\customLoadash.js": {"path":"C:\\Users\\gnoos\\Documents\\GitHub\\custom-loadash\\scripts\\customLoadash.js","statementMap":{"0":{"start":{"line":4,"column":16},"end":{"line":4,"column":18}},"1":{"start":{"line":5,"column":14},"end":{"line":5,"column":16}},"2":{"start":{"line":6,"column":1},"end":{"line":25,"column":2}},"3":{"start":{"line":6,"column":14},"end":{"line":6,"column":15}},"4":{"start":{"line":8,"column":2},"end":{"line":10,"column":3}},"5":{"start":{"line":9,"column":3},"end":{"line":9,"column":35}},"6":{"start":{"line":12,"column":2},"end":{"line":14,"column":3}},"7":{"start":{"line":13,"column":3},"end":{"line":13,"column":35}},"8":{"start":{"line":16,"column":2},"end":{"line":20,"column":3}},"9":{"start":{"line":17,"column":3},"end":{"line":17,"column":37}},"10":{"start":{"line":18,"column":3},"end":{"line":18,"column":14}},"11":{"start":{"line":19,"column":3},"end":{"line":19,"column":35}},"12":{"start":{"line":22,"column":2},"end":{"line":24,"column":3}},"13":{"start":{"line":23,"column":3},"end":{"line":23,"column":37}},"14":{"start":{"line":26,"column":1},"end":{"line":26,"column":16}},"15":{"start":{"line":31,"column":15},"end":{"line":55,"column":1}},"16":{"start":{"line":32,"column":16},"end":{"line":32,"column":18}},"17":{"start":{"line":33,"column":14},"end":{"line":33,"column":16}},"18":{"start":{"line":34,"column":1},"end":{"line":53,"column":2}},"19":{"start":{"line":34,"column":14},"end":{"line":34,"column":15}},"20":{"start":{"line":36,"column":2},"end":{"line":38,"column":3}},"21":{"start":{"line":37,"column":3},"end":{"line":37,"column":35}},"22":{"start":{"line":40,"column":2},"end":{"line":42,"column":3}},"23":{"start":{"line":41,"column":3},"end":{"line":41,"column":35}},"24":{"start":{"line":44,"column":2},"end":{"line":48,"column":3}},"25":{"start":{"line":45,"column":3},"end":{"line":45,"column":37}},"26":{"start":{"line":46,"column":3},"end":{"line":46,"column":14}},"27":{"start":{"line":47,"column":3},"end":{"line":47,"column":35}},"28":{"start":{"line":50,"column":2},"end":{"line":52,"column":3}},"29":{"start":{"line":51,"column":3},"end":{"line":51,"column":37}},"30":{"start":{"line":54,"column":1},"end":{"line":54,"column":16}},"31":{"start":{"line":57,"column":0},"end":{"line":57,"column":56}},"32":{"start":{"line":58,"column":0},"end":{"line":58,"column":61}},"33":{"start":{"line":59,"column":0},"end":{"line":59,"column":66}},"34":{"start":{"line":61,"column":16},"end":{"line":69,"column":1}},"35":{"start":{"line":62,"column":16},"end":{"line":62,"column":18}},"36":{"start":{"line":63,"column":1},"end":{"line":67,"column":2}},"37":{"start":{"line":63,"column":14},"end":{"line":63,"column":15}},"38":{"start":{"line":64,"column":2},"end":{"line":66,"column":3}},"39":{"start":{"line":65,"column":3},"end":{"line":65,"column":39}},"40":{"start":{"line":68,"column":1},"end":{"line":68,"column":16}},"41":{"start":{"line":71,"column":0},"end":{"line":71,"column":43}},"42":{"start":{"line":75,"column":16},"end":{"line":86,"column":1}},"43":{"start":{"line":76,"column":14},"end":{"line":76,"column":20}},"44":{"start":{"line":77,"column":15},"end":{"line":77,"column":21}},"45":{"start":{"line":78,"column":1},"end":{"line":81,"column":2}},"46":{"start":{"line":79,"column":2},"end":{"line":79,"column":17}},"47":{"start":{"line":80,"column":2},"end":{"line":80,"column":18}},"48":{"start":{"line":82,"column":1},"end":{"line":84,"column":2}},"49":{"start":{"line":82,"column":14},"end":{"line":82,"column":15}},"50":{"start":{"line":83,"column":2},"end":{"line":83,"column":37}},"51":{"start":{"line":85,"column":1},"end":{"line":85,"column":15}},"52":{"start":{"line":88,"column":0},"end":{"line":88,"column":28}},"53":{"start":{"line":89,"column":0},"end":{"line":89,"column":45}},"54":{"start":{"line":92,"column":13},"end":{"line":104,"column":1}},"55":{"start":{"line":93,"column":18},"end":{"line":93,"column":20}},"56":{"start":{"line":95,"column":1},"end":{"line":97,"column":2}},"57":{"start":{"line":95,"column":14},"end":{"line":95,"column":30}},"58":{"start":{"line":96,"column":2},"end":{"line":96,"column":42}},"59":{"start":{"line":98,"column":14},"end":{"line":98,"column":16}},"60":{"start":{"line":99,"column":1},"end":{"line":101,"column":2}},"61":{"start":{"line":99,"column":14},"end":{"line":99,"column":35}},"62":{"start":{"line":100,"column":2},"end":{"line":100,"column":39}},"63":{"start":{"line":102,"column":1},"end":{"line":102,"column":20}},"64":{"start":{"line":103,"column":1},"end":{"line":103,"column":18}},"65":{"start":{"line":106,"column":0},"end":{"line":106,"column":15}},"66":{"start":{"line":107,"column":0},"end":{"line":107,"column":18}},"67":{"start":{"line":108,"column":0},"end":{"line":108,"column":18}},"68":{"start":{"line":109,"column":0},"end":{"line":109,"column":18}},"69":{"start":{"line":111,"column":12},"end":{"line":115,"column":1}},"70":{"start":{"line":117,"column":18},"end":{"line":126,"column":1}},"71":{"start":{"line":118,"column":20},"end":{"line":118,"column":22}},"72":{"start":{"line":119,"column":1},"end":{"line":124,"column":2}},"73":{"start":{"line":119,"column":14},"end":{"line":119,"column":15}},"74":{"start":{"line":120,"column":2},"end":{"line":122,"column":3}},"75":{"start":{"line":121,"column":3},"end":{"line":121,"column":11}},"76":{"start":{"line":123,"column":2},"end":{"line":123,"column":46}},"77":{"start":{"line":125,"column":1},"end":{"line":125,"column":20}},"78":{"start":{"line":128,"column":0},"end":{"line":128,"column":61}},"79":{"start":{"line":128,"column":44},"end":{"line":128,"column":58}},"80":{"start":{"line":132,"column":13},"end":{"line":142,"column":1}},"81":{"start":{"line":133,"column":17},"end":{"line":133,"column":19}},"82":{"start":{"line":134,"column":15},"end":{"line":134,"column":18}},"83":{"start":{"line":135,"column":1},"end":{"line":137,"column":2}},"84":{"start":{"line":136,"column":2},"end":{"line":136,"column":24}},"85":{"start":{"line":138,"column":1},"end":{"line":140,"column":2}},"86":{"start":{"line":138,"column":14},"end":{"line":138,"column":15}},"87":{"start":{"line":139,"column":2},"end":{"line":139,"column":36}},"88":{"start":{"line":141,"column":1},"end":{"line":141,"column":15}},"89":{"start":{"line":144,"column":0},"end":{"line":144,"column":15}},"90":{"start":{"line":145,"column":0},"end":{"line":145,"column":18}},"91":{"start":{"line":146,"column":0},"end":{"line":146,"column":18}},"92":{"start":{"line":147,"column":0},"end":{"line":147,"column":18}},"93":{"start":{"line":149,"column":13},"end":{"line":152,"column":3}},"94":{"start":{"line":154,"column":15},"end":{"line":162,"column":3}},"95":{"start":{"line":155,"column":22},"end":{"line":155,"column":24}},"96":{"start":{"line":156,"column":4},"end":{"line":160,"column":2}},"97":{"start":{"line":156,"column":17},"end":{"line":156,"column":18}},"98":{"start":{"line":157,"column":2},"end":{"line":159,"column":5}},"99":{"start":{"line":158,"column":3},"end":{"line":158,"column":47}},"100":{"start":{"line":161,"column":4},"end":{"line":161,"column":24}},"101":{"start":{"line":164,"column":0},"end":{"line":164,"column":49}},"102":{"start":{"line":164,"column":29},"end":{"line":164,"column":46}},"103":{"start":{"line":166,"column":13},"end":{"line":171,"column":3}},"104":{"start":{"line":173,"column":13},"end":{"line":181,"column":1}},"105":{"start":{"line":174,"column":18},"end":{"line":174,"column":20}},"106":{"start":{"line":175,"column":1},"end":{"line":179,"column":2}},"107":{"start":{"line":175,"column":13},"end":{"line":175,"column":18}},"108":{"start":{"line":176,"column":2},"end":{"line":178,"column":3}},"109":{"start":{"line":177,"column":3},"end":{"line":177,"column":39}},"110":{"start":{"line":180,"column":1},"end":{"line":180,"column":37}},"111":{"start":{"line":183,"column":0},"end":{"line":183,"column":51}},"112":{"start":{"line":183,"column":27},"end":{"line":183,"column":45}},"113":{"start":{"line":186,"column":17},"end":{"line":212,"column":1}},"114":{"start":{"line":187,"column":1},"end":{"line":189,"column":2}},"115":{"start":{"line":188,"column":2},"end":{"line":188,"column":35}},"116":{"start":{"line":190,"column":1},"end":{"line":196,"column":2}},"117":{"start":{"line":191,"column":2},"end":{"line":195,"column":3}},"118":{"start":{"line":191,"column":15},"end":{"line":191,"column":20}},"119":{"start":{"line":192,"column":3},"end":{"line":194,"column":4}},"120":{"start":{"line":193,"column":4},"end":{"line":193,"column":15}},"121":{"start":{"line":197,"column":1},"end":{"line":205,"column":2}},"122":{"start":{"line":198,"column":15},"end":{"line":198,"column":38}},"123":{"start":{"line":199,"column":2},"end":{"line":204,"column":3}},"124":{"start":{"line":199,"column":14},"end":{"line":199,"column":19}},"125":{"start":{"line":200,"column":3},"end":{"line":202,"column":4}},"126":{"start":{"line":201,"column":4},"end":{"line":201,"column":15}},"127":{"start":{"line":203,"column":3},"end":{"line":203,"column":15}},"128":{"start":{"line":206,"column":1},"end":{"line":210,"column":2}},"129":{"start":{"line":207,"column":2},"end":{"line":209,"column":3}},"130":{"start":{"line":208,"column":3},"end":{"line":208,"column":14}},"131":{"start":{"line":211,"column":1},"end":{"line":211,"column":13}},"132":{"start":{"line":214,"column":0},"end":{"line":214,"column":22}},"133":{"start":{"line":215,"column":0},"end":{"line":215,"column":25}},"134":{"start":{"line":216,"column":0},"end":{"line":216,"column":31}},"135":{"start":{"line":217,"column":0},"end":{"line":217,"column":22}},"136":{"start":{"line":219,"column":15},"end":{"line":221,"column":1}},"137":{"start":{"line":220,"column":1},"end":{"line":220,"column":13}},"138":{"start":{"line":223,"column":12},"end":{"line":237,"column":1}},"139":{"start":{"line":224,"column":16},"end":{"line":224,"column":18}},"140":{"start":{"line":225,"column":1},"end":{"line":229,"column":2}},"141":{"start":{"line":226,"column":2},"end":{"line":228,"column":3}},"142":{"start":{"line":226,"column":15},"end":{"line":226,"column":16}},"143":{"start":{"line":227,"column":3},"end":{"line":227,"column":46}},"144":{"start":{"line":230,"column":1},"end":{"line":235,"column":2}},"145":{"start":{"line":231,"column":15},"end":{"line":231,"column":38}},"146":{"start":{"line":232,"column":2},"end":{"line":234,"column":3}},"147":{"start":{"line":232,"column":15},"end":{"line":232,"column":16}},"148":{"start":{"line":233,"column":3},"end":{"line":233,"column":52}},"149":{"start":{"line":236,"column":1},"end":{"line":236,"column":14}},"150":{"start":{"line":239,"column":0},"end":{"line":239,"column":19}},"151":{"start":{"line":240,"column":0},"end":{"line":240,"column":31}},"152":{"start":{"line":242,"column":12},"end":{"line":259,"column":1}},"153":{"start":{"line":243,"column":15},"end":{"line":243,"column":17}},"154":{"start":{"line":244,"column":1},"end":{"line":244,"column":32}},"155":{"start":{"line":245,"column":17},"end":{"line":245,"column":19}},"156":{"start":{"line":246,"column":1},"end":{"line":246,"column":34}},"157":{"start":{"line":247,"column":1},"end":{"line":249,"column":2}},"158":{"start":{"line":248,"column":2},"end":{"line":248,"column":19}},"159":{"start":{"line":250,"column":1},"end":{"line":256,"column":2}},"160":{"start":{"line":250,"column":14},"end":{"line":250,"column":15}},"161":{"start":{"line":251,"column":2},"end":{"line":255,"column":3}},"162":{"start":{"line":251,"column":15},"end":{"line":251,"column":16}},"163":{"start":{"line":252,"column":3},"end":{"line":254,"column":4}},"164":{"start":{"line":252,"column":16},"end":{"line":252,"column":17}},"165":{"start":{"line":253,"column":4},"end":{"line":253,"column":56}},"166":{"start":{"line":257,"column":1},"end":{"line":257,"column":23}},"167":{"start":{"line":258,"column":1},"end":{"line":258,"column":17}},"168":{"start":{"line":261,"column":0},"end":{"line":261,"column":38}},"169":{"start":{"line":262,"column":0},"end":{"line":262,"column":54}},"170":{"start":{"line":263,"column":0},"end":{"line":263,"column":70}},"171":{"start":{"line":265,"column":14},"end":{"line":273,"column":1}},"172":{"start":{"line":266,"column":15},"end":{"line":266,"column":32}},"173":{"start":{"line":267,"column":19},"end":{"line":267,"column":21}},"174":{"start":{"line":268,"column":1},"end":{"line":268,"column":26}},"175":{"start":{"line":269,"column":1},"end":{"line":271,"column":2}},"176":{"start":{"line":269,"column":14},"end":{"line":269,"column":15}},"177":{"start":{"line":270,"column":2},"end":{"line":270,"column":72}},"178":{"start":{"line":272,"column":1},"end":{"line":272,"column":19}},"179":{"start":{"line":275,"column":13},"end":{"line":277,"column":3}},"180":{"start":{"line":279,"column":12},"end":{"line":281,"column":3}},"181":{"start":{"line":282,"column":0},"end":{"line":282,"column":20}},"182":{"start":{"line":285,"column":16},"end":{"line":287,"column":3}},"183":{"start":{"line":286,"column":4},"end":{"line":286,"column":37}},"184":{"start":{"line":289,"column":13},"end":{"line":306,"column":1}},"185":{"start":{"line":290,"column":20},"end":{"line":290,"column":22}},"186":{"start":{"line":291,"column":15},"end":{"line":291,"column":33}},"187":{"start":{"line":293,"column":1},"end":{"line":303,"column":2}},"188":{"start":{"line":294,"column":22},"end":{"line":294,"column":26}},"189":{"start":{"line":295,"column":2},"end":{"line":299,"column":3}},"190":{"start":{"line":295,"column":15},"end":{"line":295,"column":16}},"191":{"start":{"line":296,"column":2},"end":{"line":298,"column":3}},"192":{"start":{"line":297,"column":3},"end":{"line":297,"column":25}},"193":{"start":{"line":300,"column":2},"end":{"line":302,"column":3}},"194":{"start":{"line":301,"column":3},"end":{"line":301,"column":34}},"195":{"start":{"line":304,"column":1},"end":{"line":304,"column":19}},"196":{"start":{"line":308,"column":21},"end":{"line":308,"column":49}},"197":{"start":{"line":309,"column":0},"end":{"line":309,"column":30}},"198":{"start":{"line":311,"column":15},"end":{"line":320,"column":1}},"199":{"start":{"line":312,"column":19},"end":{"line":312,"column":21}},"200":{"start":{"line":313,"column":1},"end":{"line":318,"column":2}},"201":{"start":{"line":314,"column":2},"end":{"line":316,"column":3}},"202":{"start":{"line":315,"column":3},"end":{"line":315,"column":35}},"203":{"start":{"line":319,"column":1},"end":{"line":319,"column":19}},"204":{"start":{"line":322,"column":0},"end":{"line":322,"column":47}},"205":{"start":{"line":322,"column":33},"end":{"line":322,"column":45}},"206":{"start":{"line":324,"column":21},"end":{"line":324,"column":41}},"207":{"start":{"line":326,"column":13},"end":{"line":336,"column":1}},"208":{"start":{"line":327,"column":19},"end":{"line":327,"column":21}},"209":{"start":{"line":328,"column":1},"end":{"line":334,"column":2}},"210":{"start":{"line":329,"column":2},"end":{"line":333,"column":3}},"211":{"start":{"line":329,"column":15},"end":{"line":329,"column":16}},"212":{"start":{"line":330,"column":3},"end":{"line":332,"column":4}},"213":{"start":{"line":331,"column":4},"end":{"line":331,"column":36}},"214":{"start":{"line":335,"column":1},"end":{"line":335,"column":19}},"215":{"start":{"line":339,"column":0},"end":{"line":339,"column":30}},"216":{"start":{"line":341,"column":15},"end":{"line":353,"column":1}},"217":{"start":{"line":342,"column":19},"end":{"line":342,"column":21}},"218":{"start":{"line":343,"column":1},"end":{"line":351,"column":2}},"219":{"start":{"line":344,"column":18},"end":{"line":344,"column":22}},"220":{"start":{"line":345,"column":2},"end":{"line":347,"column":3}},"221":{"start":{"line":346,"column":3},"end":{"line":346,"column":21}},"222":{"start":{"line":348,"column":2},"end":{"line":350,"column":3}},"223":{"start":{"line":349,"column":3},"end":{"line":349,"column":37}},"224":{"start":{"line":352,"column":1},"end":{"line":352,"column":19}},"225":{"start":{"line":356,"column":0},"end":{"line":356,"column":63}},"226":{"start":{"line":356,"column":33},"end":{"line":356,"column":61}},"227":{"start":{"line":359,"column":1},"end":{"line":359,"column":12}},"228":{"start":{"line":360,"column":1},"end":{"line":360,"column":12}},"229":{"start":{"line":363,"column":0},"end":{"line":363,"column":20}},"230":{"start":{"line":365,"column":16},"end":{"line":371,"column":3}},"231":{"start":{"line":366,"column":23},"end":{"line":366,"column":25}},"232":{"start":{"line":367,"column":1},"end":{"line":369,"column":2}},"233":{"start":{"line":368,"column":2},"end":{"line":368,"column":60}},"234":{"start":{"line":370,"column":4},"end":{"line":370,"column":23}},"235":{"start":{"line":373,"column":0},"end":{"line":373,"column":16}},"236":{"start":{"line":375,"column":0},"end":{"line":375,"column":145}}},"fnMap":{"0":{"name":"chunk","decl":{"start":{"line":3,"column":9},"end":{"line":3,"column":14}},"loc":{"start":{"line":3,"column":38},"end":{"line":27,"column":1}},"line":3},"1":{"name":"(anonymous_1)","decl":{"start":{"line":31,"column":15},"end":{"line":31,"column":16}},"loc":{"start":{"line":31,"column":41},"end":{"line":55,"column":1}},"line":31},"2":{"name":"(anonymous_2)","decl":{"start":{"line":61,"column":16},"end":{"line":61,"column":17}},"loc":{"start":{"line":61,"column":27},"end":{"line":69,"column":1}},"line":61},"3":{"name":"(anonymous_3)","decl":{"start":{"line":75,"column":16},"end":{"line":75,"column":17}},"loc":{"start":{"line":75,"column":36},"end":{"line":86,"column":1}},"line":75},"4":{"name":"(anonymous_4)","decl":{"start":{"line":92,"column":13},"end":{"line":92,"column":14}},"loc":{"start":{"line":92,"column":33},"end":{"line":104,"column":1}},"line":92},"5":{"name":"(anonymous_5)","decl":{"start":{"line":117,"column":18},"end":{"line":117,"column":19}},"loc":{"start":{"line":117,"column":35},"end":{"line":126,"column":1}},"line":117},"6":{"name":"(anonymous_6)","decl":{"start":{"line":128,"column":30},"end":{"line":128,"column":31}},"loc":{"start":{"line":128,"column":42},"end":{"line":128,"column":60}},"line":128},"7":{"name":"(anonymous_7)","decl":{"start":{"line":132,"column":13},"end":{"line":132,"column":14}},"loc":{"start":{"line":132,"column":33},"end":{"line":142,"column":1}},"line":132},"8":{"name":"(anonymous_8)","decl":{"start":{"line":154,"column":15},"end":{"line":154,"column":16}},"loc":{"start":{"line":154,"column":32},"end":{"line":162,"column":3}},"line":154},"9":{"name":"(anonymous_9)","decl":{"start":{"line":164,"column":15},"end":{"line":164,"column":16}},"loc":{"start":{"line":164,"column":27},"end":{"line":164,"column":48}},"line":164},"10":{"name":"(anonymous_10)","decl":{"start":{"line":173,"column":13},"end":{"line":173,"column":14}},"loc":{"start":{"line":173,"column":41},"end":{"line":181,"column":1}},"line":173},"11":{"name":"(anonymous_11)","decl":{"start":{"line":183,"column":13},"end":{"line":183,"column":14}},"loc":{"start":{"line":183,"column":25},"end":{"line":183,"column":47}},"line":183},"12":{"name":"(anonymous_12)","decl":{"start":{"line":186,"column":17},"end":{"line":186,"column":18}},"loc":{"start":{"line":186,"column":52},"end":{"line":212,"column":1}},"line":186},"13":{"name":"(anonymous_13)","decl":{"start":{"line":219,"column":15},"end":{"line":219,"column":16}},"loc":{"start":{"line":219,"column":22},"end":{"line":221,"column":1}},"line":219},"14":{"name":"(anonymous_14)","decl":{"start":{"line":223,"column":12},"end":{"line":223,"column":13}},"loc":{"start":{"line":223,"column":34},"end":{"line":237,"column":1}},"line":223},"15":{"name":"(anonymous_15)","decl":{"start":{"line":242,"column":12},"end":{"line":242,"column":13}},"loc":{"start":{"line":242,"column":26},"end":{"line":259,"column":1}},"line":242},"16":{"name":"(anonymous_16)","decl":{"start":{"line":265,"column":14},"end":{"line":265,"column":15}},"loc":{"start":{"line":265,"column":30},"end":{"line":273,"column":1}},"line":265},"17":{"name":"(anonymous_17)","decl":{"start":{"line":285,"column":16},"end":{"line":285,"column":17}},"loc":{"start":{"line":285,"column":46},"end":{"line":287,"column":3}},"line":285},"18":{"name":"(anonymous_18)","decl":{"start":{"line":289,"column":13},"end":{"line":289,"column":14}},"loc":{"start":{"line":289,"column":42},"end":{"line":306,"column":1}},"line":289},"19":{"name":"(anonymous_19)","decl":{"start":{"line":311,"column":15},"end":{"line":311,"column":16}},"loc":{"start":{"line":311,"column":33},"end":{"line":320,"column":1}},"line":311},"20":{"name":"(anonymous_20)","decl":{"start":{"line":322,"column":21},"end":{"line":322,"column":22}},"loc":{"start":{"line":322,"column":32},"end":{"line":322,"column":46}},"line":322},"21":{"name":"(anonymous_21)","decl":{"start":{"line":326,"column":13},"end":{"line":326,"column":14}},"loc":{"start":{"line":326,"column":37},"end":{"line":336,"column":1}},"line":326},"22":{"name":"(anonymous_22)","decl":{"start":{"line":341,"column":15},"end":{"line":341,"column":16}},"loc":{"start":{"line":341,"column":33},"end":{"line":353,"column":1}},"line":341},"23":{"name":"(anonymous_23)","decl":{"start":{"line":356,"column":21},"end":{"line":356,"column":22}},"loc":{"start":{"line":356,"column":32},"end":{"line":356,"column":62}},"line":356},"24":{"name":"Foo","decl":{"start":{"line":358,"column":9},"end":{"line":358,"column":12}},"loc":{"start":{"line":358,"column":15},"end":{"line":361,"column":3}},"line":358},"25":{"name":"(anonymous_25)","decl":{"start":{"line":365,"column":16},"end":{"line":365,"column":17}},"loc":{"start":{"line":365,"column":28},"end":{"line":371,"column":3}},"line":365}},"branchMap":{"0":{"loc":{"start":{"line":3,"column":23},"end":{"line":3,"column":36}},"type":"default-arg","locations":[{"start":{"line":3,"column":35},"end":{"line":3,"column":36}}],"line":3},"1":{"loc":{"start":{"line":8,"column":2},"end":{"line":10,"column":3}},"type":"if","locations":[{"start":{"line":8,"column":2},"end":{"line":10,"column":3}},{"start":{"line":8,"column":2},"end":{"line":10,"column":3}}],"line":8},"2":{"loc":{"start":{"line":12,"column":2},"end":{"line":14,"column":3}},"type":"if","locations":[{"start":{"line":12,"column":2},"end":{"line":14,"column":3}},{"start":{"line":12,"column":2},"end":{"line":14,"column":3}}],"line":12},"3":{"loc":{"start":{"line":12,"column":6},"end":{"line":12,"column":51}},"type":"binary-expr","locations":[{"start":{"line":12,"column":6},"end":{"line":12,"column":25}},{"start":{"line":12,"column":29},"end":{"line":12,"column":51}}],"line":12},"4":{"loc":{"start":{"line":16,"column":2},"end":{"line":20,"column":3}},"type":"if","locations":[{"start":{"line":16,"column":2},"end":{"line":20,"column":3}},{"start":{"line":16,"column":2},"end":{"line":20,"column":3}}],"line":16},"5":{"loc":{"start":{"line":16,"column":6},"end":{"line":16,"column":62}},"type":"binary-expr","locations":[{"start":{"line":16,"column":6},"end":{"line":16,"column":25}},{"start":{"line":16,"column":29},"end":{"line":16,"column":36}},{"start":{"line":16,"column":40},"end":{"line":16,"column":62}}],"line":16},"6":{"loc":{"start":{"line":22,"column":2},"end":{"line":24,"column":3}},"type":"if","locations":[{"start":{"line":22,"column":2},"end":{"line":24,"column":3}},{"start":{"line":22,"column":2},"end":{"line":24,"column":3}}],"line":22},"7":{"loc":{"start":{"line":31,"column":23},"end":{"line":31,"column":36}},"type":"default-arg","locations":[{"start":{"line":31,"column":35},"end":{"line":31,"column":36}}],"line":31},"8":{"loc":{"start":{"line":36,"column":2},"end":{"line":38,"column":3}},"type":"if","locations":[{"start":{"line":36,"column":2},"end":{"line":38,"column":3}},{"start":{"line":36,"column":2},"end":{"line":38,"column":3}}],"line":36},"9":{"loc":{"start":{"line":40,"column":2},"end":{"line":42,"column":3}},"type":"if","locations":[{"start":{"line":40,"column":2},"end":{"line":42,"column":3}},{"start":{"line":40,"column":2},"end":{"line":42,"column":3}}],"line":40},"10":{"loc":{"start":{"line":40,"column":6},"end":{"line":40,"column":51}},"type":"binary-expr","locations":[{"start":{"line":40,"column":6},"end":{"line":40,"column":25}},{"start":{"line":40,"column":29},"end":{"line":40,"column":51}}],"line":40},"11":{"loc":{"start":{"line":44,"column":2},"end":{"line":48,"column":3}},"type":"if","locations":[{"start":{"line":44,"column":2},"end":{"line":48,"column":3}},{"start":{"line":44,"column":2},"end":{"line":48,"column":3}}],"line":44},"12":{"loc":{"start":{"line":44,"column":6},"end":{"line":44,"column":62}},"type":"binary-expr","locations":[{"start":{"line":44,"column":6},"end":{"line":44,"column":25}},{"start":{"line":44,"column":29},"end":{"line":44,"column":36}},{"start":{"line":44,"column":40},"end":{"line":44,"column":62}}],"line":44},"13":{"loc":{"start":{"line":50,"column":2},"end":{"line":52,"column":3}},"type":"if","locations":[{"start":{"line":50,"column":2},"end":{"line":52,"column":3}},{"start":{"line":50,"column":2},"end":{"line":52,"column":3}}],"line":50},"14":{"loc":{"start":{"line":64,"column":2},"end":{"line":66,"column":3}},"type":"if","locations":[{"start":{"line":64,"column":2},"end":{"line":66,"column":3}},{"start":{"line":64,"column":2},"end":{"line":66,"column":3}}],"line":64},"15":{"loc":{"start":{"line":64,"column":6},"end":{"line":64,"column":128}},"type":"binary-expr","locations":[{"start":{"line":64,"column":6},"end":{"line":64,"column":24}},{"start":{"line":64,"column":28},"end":{"line":64,"column":43}},{"start":{"line":64,"column":47},"end":{"line":64,"column":64}},{"start":{"line":64,"column":68},"end":{"line":64,"column":90}},{"start":{"line":64,"column":94},"end":{"line":64,"column":110}},{"start":{"line":64,"column":114},"end":{"line":64,"column":128}}],"line":64},"16":{"loc":{"start":{"line":78,"column":1},"end":{"line":81,"column":2}},"type":"if","locations":[{"start":{"line":78,"column":1},"end":{"line":81,"column":2}},{"start":{"line":78,"column":1},"end":{"line":81,"column":2}}],"line":78},"17":{"loc":{"start":{"line":92,"column":21},"end":{"line":92,"column":28}},"type":"default-arg","locations":[{"start":{"line":92,"column":27},"end":{"line":92,"column":28}}],"line":92},"18":{"loc":{"start":{"line":120,"column":2},"end":{"line":122,"column":3}},"type":"if","locations":[{"start":{"line":120,"column":2},"end":{"line":122,"column":3}},{"start":{"line":120,"column":2},"end":{"line":122,"column":3}}],"line":120},"19":{"loc":{"start":{"line":132,"column":21},"end":{"line":132,"column":28}},"type":"default-arg","locations":[{"start":{"line":132,"column":27},"end":{"line":132,"column":28}}],"line":132},"20":{"loc":{"start":{"line":135,"column":1},"end":{"line":137,"column":2}},"type":"if","locations":[{"start":{"line":135,"column":1},"end":{"line":137,"column":2}},{"start":{"line":135,"column":1},"end":{"line":137,"column":2}}],"line":135},"21":{"loc":{"start":{"line":157,"column":2},"end":{"line":159,"column":5}},"type":"if","locations":[{"start":{"line":157,"column":2},"end":{"line":159,"column":5}},{"start":{"line":157,"column":2},"end":{"line":159,"column":5}}],"line":157},"22":{"loc":{"start":{"line":173,"column":27},"end":{"line":173,"column":36}},"type":"default-arg","locations":[{"start":{"line":173,"column":35},"end":{"line":173,"column":36}}],"line":173},"23":{"loc":{"start":{"line":176,"column":2},"end":{"line":178,"column":3}},"type":"if","locations":[{"start":{"line":176,"column":2},"end":{"line":178,"column":3}},{"start":{"line":176,"column":2},"end":{"line":178,"column":3}}],"line":176},"24":{"loc":{"start":{"line":186,"column":38},"end":{"line":186,"column":47}},"type":"default-arg","locations":[{"start":{"line":186,"column":46},"end":{"line":186,"column":47}}],"line":186},"25":{"loc":{"start":{"line":187,"column":1},"end":{"line":189,"column":2}},"type":"if","locations":[{"start":{"line":187,"column":1},"end":{"line":189,"column":2}},{"start":{"line":187,"column":1},"end":{"line":189,"column":2}}],"line":187},"26":{"loc":{"start":{"line":190,"column":1},"end":{"line":196,"column":2}},"type":"if","locations":[{"start":{"line":190,"column":1},"end":{"line":196,"column":2}},{"start":{"line":190,"column":1},"end":{"line":196,"column":2}}],"line":190},"27":{"loc":{"start":{"line":192,"column":3},"end":{"line":194,"column":4}},"type":"if","locations":[{"start":{"line":192,"column":3},"end":{"line":194,"column":4}},{"start":{"line":192,"column":3},"end":{"line":194,"column":4}}],"line":192},"28":{"loc":{"start":{"line":197,"column":1},"end":{"line":205,"column":2}},"type":"if","locations":[{"start":{"line":197,"column":1},"end":{"line":205,"column":2}},{"start":{"line":197,"column":1},"end":{"line":205,"column":2}}],"line":197},"29":{"loc":{"start":{"line":197,"column":5},"end":{"line":197,"column":65}},"type":"binary-expr","locations":[{"start":{"line":197,"column":5},"end":{"line":197,"column":35}},{"start":{"line":197,"column":39},"end":{"line":197,"column":65}}],"line":197},"30":{"loc":{"start":{"line":200,"column":3},"end":{"line":202,"column":4}},"type":"if","locations":[{"start":{"line":200,"column":3},"end":{"line":202,"column":4}},{"start":{"line":200,"column":3},"end":{"line":202,"column":4}}],"line":200},"31":{"loc":{"start":{"line":206,"column":1},"end":{"line":210,"column":2}},"type":"if","locations":[{"start":{"line":206,"column":1},"end":{"line":210,"column":2}},{"start":{"line":206,"column":1},"end":{"line":210,"column":2}}],"line":206},"32":{"loc":{"start":{"line":207,"column":2},"end":{"line":209,"column":3}},"type":"if","locations":[{"start":{"line":207,"column":2},"end":{"line":209,"column":3}},{"start":{"line":207,"column":2},"end":{"line":209,"column":3}}],"line":207},"33":{"loc":{"start":{"line":225,"column":1},"end":{"line":229,"column":2}},"type":"if","locations":[{"start":{"line":225,"column":1},"end":{"line":229,"column":2}},{"start":{"line":225,"column":1},"end":{"line":229,"column":2}}],"line":225},"34":{"loc":{"start":{"line":230,"column":1},"end":{"line":235,"column":2}},"type":"if","locations":[{"start":{"line":230,"column":1},"end":{"line":235,"column":2}},{"start":{"line":230,"column":1},"end":{"line":235,"column":2}}],"line":230},"35":{"loc":{"start":{"line":230,"column":5},"end":{"line":230,"column":65}},"type":"binary-expr","locations":[{"start":{"line":230,"column":5},"end":{"line":230,"column":35}},{"start":{"line":230,"column":39},"end":{"line":230,"column":65}}],"line":230},"36":{"loc":{"start":{"line":296,"column":2},"end":{"line":298,"column":3}},"type":"if","locations":[{"start":{"line":296,"column":2},"end":{"line":298,"column":3}},{"start":{"line":296,"column":2},"end":{"line":298,"column":3}}],"line":296},"37":{"loc":{"start":{"line":300,"column":2},"end":{"line":302,"column":3}},"type":"if","locations":[{"start":{"line":300,"column":2},"end":{"line":302,"column":3}},{"start":{"line":300,"column":2},"end":{"line":302,"column":3}}],"line":300},"38":{"loc":{"start":{"line":314,"column":2},"end":{"line":316,"column":3}},"type":"if","locations":[{"start":{"line":314,"column":2},"end":{"line":316,"column":3}},{"start":{"line":314,"column":2},"end":{"line":316,"column":3}}],"line":314},"39":{"loc":{"start":{"line":330,"column":3},"end":{"line":332,"column":4}},"type":"if","locations":[{"start":{"line":330,"column":3},"end":{"line":332,"column":4}},{"start":{"line":330,"column":3},"end":{"line":332,"column":4}}],"line":330},"40":{"loc":{"start":{"line":345,"column":2},"end":{"line":347,"column":3}},"type":"if","locations":[{"start":{"line":345,"column":2},"end":{"line":347,"column":3}},{"start":{"line":345,"column":2},"end":{"line":347,"column":3}}],"line":345},"41":{"loc":{"start":{"line":348,"column":2},"end":{"line":350,"column":3}},"type":"if","locations":[{"start":{"line":348,"column":2},"end":{"line":350,"column":3}},{"start":{"line":348,"column":2},"end":{"line":350,"column":3}}],"line":348}},"s":{"0":1,"1":1,"2":1,"3":1,"4":5,"5":1,"6":5,"7":2,"8":5,"9":1,"10":1,"11":1,"12":5,"13":1,"14":1,"15":1,"16":3,"17":3,"18":3,"19":3,"20":33,"21":3,"22":33,"23":21,"24":33,"25":6,"26":6,"27":6,"28":33,"29":3,"30":3,"31":1,"32":1,"33":1,"34":1,"35":3,"36":3,"37":3,"38":21,"39":9,"40":3,"41":1,"42":1,"43":2,"44":2,"45":2,"46":2,"47":2,"48":2,"49":2,"50":7,"51":2,"52":1,"53":1,"54":1,"55":5,"56":5,"57":5,"58":9,"59":5,"60":5,"61":5,"62":9,"63":5,"64":5,"65":1,"66":1,"67":1,"68":1,"69":1,"70":1,"71":2,"72":2,"73":2,"74":12,"75":7,"76":5,"77":2,"78":1,"79":6,"80":1,"81":5,"82":5,"83":5,"84":1,"85":5,"86":5,"87":9,"88":5,"89":1,"90":1,"91":1,"92":1,"93":1,"94":1,"95":3,"96":3,"97":3,"98":14,"99":7,"100":3,"101":1,"102":2,"103":1,"104":1,"105":2,"106":2,"107":2,"108":6,"109":3,"110":2,"111":1,"112":3,"113":1,"114":5,"115":1,"116":5,"117":3,"118":3,"119":4,"120":2,"121":3,"122":1,"123":1,"124":1,"125":1,"126":1,"127":0,"128":2,"129":1,"130":1,"131":1,"132":1,"133":1,"134":1,"135":1,"136":1,"137":4,"138":1,"139":3,"140":3,"141":2,"142":2,"143":5,"144":3,"145":1,"146":1,"147":1,"148":2,"149":3,"150":1,"151":1,"152":1,"153":4,"154":4,"155":4,"156":4,"157":4,"158":12,"159":4,"160":4,"161":4,"162":4,"163":12,"164":12,"165":36,"166":4,"167":4,"168":1,"169":1,"170":1,"171":1,"172":2,"173":2,"174":2,"175":2,"176":2,"177":4,"178":2,"179":1,"180":1,"181":1,"182":1,"183":15,"184":1,"185":2,"186":2,"187":2,"188":6,"189":6,"190":6,"191":12,"192":4,"193":6,"194":2,"195":2,"196":1,"197":1,"198":1,"199":2,"200":2,"201":6,"202":2,"203":2,"204":1,"205":3,"206":1,"207":1,"208":2,"209":2,"210":6,"211":6,"212":12,"213":4,"214":2,"215":1,"216":1,"217":2,"218":2,"219":6,"220":6,"221":0,"222":6,"223":6,"224":2,"225":1,"226":3,"227":1,"228":1,"229":1,"230":1,"231":2,"232":2,"233":4,"234":2,"235":1,"236":1},"f":{"0":1,"1":3,"2":3,"3":2,"4":5,"5":2,"6":6,"7":5,"8":3,"9":2,"10":2,"11":3,"12":5,"13":4,"14":3,"15":4,"16":2,"17":15,"18":2,"19":2,"20":3,"21":2,"22":2,"23":3,"24":1,"25":2},"b":{"0":[0],"1":[1,4],"2":[2,3],"3":[5,3],"4":[1,4],"5":[5,2,1],"6":[1,4],"7":[0],"8":[3,30],"9":[21,12],"10":[33,23],"11":[6,27],"12":[33,10,7],"13":[3,30],"14":[9,12],"15":[21,19,17,14,14,12],"16":[2,0],"17":[1],"18":[7,5],"19":[1],"20":[1,4],"21":[7,7],"22":[0],"23":[3,3],"24":[3],"25":[1,4],"26":[3,2],"27":[2,2],"28":[1,2],"29":[3,2],"30":[1,0],"31":[1,1],"32":[1,0],"33":[2,1],"34":[1,2],"35":[3,3],"36":[4,8],"37":[2,4],"38":[2,4],"39":[4,8],"40":[0,6],"41":[6,0]},"_coverageSchema":"1a1c01bbd47fc00a2c39e90264f33305004495a9","hash":"30a54d10e6a083ab777056ef458290b9d080a1ac"}
}
