TN:
SF:scripts\customLoadash.js
FN:3,chunk
FN:31,(anonymous_1)
FN:61,(anonymous_2)
FN:75,(anonymous_3)
FN:92,(anonymous_4)
FN:117,(anonymous_5)
FN:128,(anonymous_6)
FN:132,(anonymous_7)
FN:154,(anonymous_8)
FN:164,(anonymous_9)
FN:173,(anonymous_10)
FN:183,(anonymous_11)
FN:186,(anonymous_12)
FN:219,(anonymous_13)
FN:223,(anonymous_14)
FN:242,(anonymous_15)
FN:265,(anonymous_16)
FN:285,(anonymous_17)
FN:289,(anonymous_18)
FN:311,(anonymous_19)
FN:322,(anonymous_20)
FN:326,(anonymous_21)
FN:341,(anonymous_22)
FN:356,(anonymous_23)
FN:358,Foo
FN:365,(anonymous_25)
FNF:26
FNH:26
FNDA:1,chunk
FNDA:3,(anonymous_1)
FNDA:3,(anonymous_2)
FNDA:2,(anonymous_3)
FNDA:5,(anonymous_4)
FNDA:2,(anonymous_5)
FNDA:6,(anonymous_6)
FNDA:5,(anonymous_7)
FNDA:3,(anonymous_8)
FNDA:2,(anonymous_9)
FNDA:2,(anonymous_10)
FNDA:3,(anonymous_11)
FNDA:5,(anonymous_12)
FNDA:4,(anonymous_13)
FNDA:3,(anonymous_14)
FNDA:4,(anonymous_15)
FNDA:2,(anonymous_16)
FNDA:15,(anonymous_17)
FNDA:2,(anonymous_18)
FNDA:2,(anonymous_19)
FNDA:3,(anonymous_20)
FNDA:2,(anonymous_21)
FNDA:2,(anonymous_22)
FNDA:3,(anonymous_23)
FNDA:1,Foo
FNDA:2,(anonymous_25)
DA:4,1
DA:5,1
DA:6,1
DA:8,5
DA:9,1
DA:12,5
DA:13,2
DA:16,5
DA:17,1
DA:18,1
DA:19,1
DA:22,5
DA:23,1
DA:26,1
DA:31,1
DA:32,3
DA:33,3
DA:34,3
DA:36,33
DA:37,3
DA:40,33
DA:41,21
DA:44,33
DA:45,6
DA:46,6
DA:47,6
DA:50,33
DA:51,3
DA:54,3
DA:57,1
DA:58,1
DA:59,1
DA:61,1
DA:62,3
DA:63,3
DA:64,21
DA:65,9
DA:68,3
DA:71,1
DA:75,1
DA:76,2
DA:77,2
DA:78,2
DA:79,2
DA:80,2
DA:82,2
DA:83,7
DA:85,2
DA:88,1
DA:89,1
DA:92,1
DA:93,5
DA:95,5
DA:96,9
DA:98,5
DA:99,5
DA:100,9
DA:102,5
DA:103,5
DA:106,1
DA:107,1
DA:108,1
DA:109,1
DA:111,1
DA:117,1
DA:118,2
DA:119,2
DA:120,12
DA:121,7
DA:123,5
DA:125,2
DA:128,6
DA:132,1
DA:133,5
DA:134,5
DA:135,5
DA:136,1
DA:138,5
DA:139,9
DA:141,5
DA:144,1
DA:145,1
DA:146,1
DA:147,1
DA:149,1
DA:154,1
DA:155,3
DA:156,3
DA:157,14
DA:158,7
DA:161,3
DA:164,2
DA:166,1
DA:173,1
DA:174,2
DA:175,2
DA:176,6
DA:177,3
DA:180,2
DA:183,3
DA:186,1
DA:187,5
DA:188,1
DA:190,5
DA:191,3
DA:192,4
DA:193,2
DA:197,3
DA:198,1
DA:199,1
DA:200,1
DA:201,1
DA:203,0
DA:206,2
DA:207,1
DA:208,1
DA:211,1
DA:214,1
DA:215,1
DA:216,1
DA:217,1
DA:219,1
DA:220,4
DA:223,1
DA:224,3
DA:225,3
DA:226,2
DA:227,5
DA:230,3
DA:231,1
DA:232,1
DA:233,2
DA:236,3
DA:239,1
DA:240,1
DA:242,1
DA:243,4
DA:244,4
DA:245,4
DA:246,4
DA:247,4
DA:248,12
DA:250,4
DA:251,4
DA:252,12
DA:253,36
DA:257,4
DA:258,4
DA:261,1
DA:262,1
DA:263,1
DA:265,1
DA:266,2
DA:267,2
DA:268,2
DA:269,2
DA:270,4
DA:272,2
DA:275,1
DA:279,1
DA:282,1
DA:285,1
DA:286,15
DA:289,1
DA:290,2
DA:291,2
DA:293,2
DA:294,6
DA:295,6
DA:296,12
DA:297,4
DA:300,6
DA:301,2
DA:304,2
DA:308,1
DA:309,1
DA:311,1
DA:312,2
DA:313,2
DA:314,6
DA:315,2
DA:319,2
DA:322,3
DA:324,1
DA:326,1
DA:327,2
DA:328,2
DA:329,6
DA:330,12
DA:331,4
DA:335,2
DA:339,1
DA:341,1
DA:342,2
DA:343,2
DA:344,6
DA:345,6
DA:346,0
DA:348,6
DA:349,6
DA:352,2
DA:356,3
DA:359,1
DA:360,1
DA:363,1
DA:365,1
DA:366,2
DA:367,2
DA:368,4
DA:370,2
DA:373,1
DA:375,1
LF:212
LH:210
BRDA:3,0,0,0
BRDA:8,1,0,1
BRDA:8,1,1,4
BRDA:12,2,0,2
BRDA:12,2,1,3
BRDA:12,3,0,5
BRDA:12,3,1,3
BRDA:16,4,0,1
BRDA:16,4,1,4
BRDA:16,5,0,5
BRDA:16,5,1,2
BRDA:16,5,2,1
BRDA:22,6,0,1
BRDA:22,6,1,4
BRDA:31,7,0,0
BRDA:36,8,0,3
BRDA:36,8,1,30
BRDA:40,9,0,21
BRDA:40,9,1,12
BRDA:40,10,0,33
BRDA:40,10,1,23
BRDA:44,11,0,6
BRDA:44,11,1,27
BRDA:44,12,0,33
BRDA:44,12,1,10
BRDA:44,12,2,7
BRDA:50,13,0,3
BRDA:50,13,1,30
BRDA:64,14,0,9
BRDA:64,14,1,12
BRDA:64,15,0,21
BRDA:64,15,1,19
BRDA:64,15,2,17
BRDA:64,15,3,14
BRDA:64,15,4,14
BRDA:64,15,5,12
BRDA:78,16,0,2
BRDA:78,16,1,0
BRDA:92,17,0,1
BRDA:120,18,0,7
BRDA:120,18,1,5
BRDA:132,19,0,1
BRDA:135,20,0,1
BRDA:135,20,1,4
BRDA:157,21,0,7
BRDA:157,21,1,7
BRDA:173,22,0,0
BRDA:176,23,0,3
BRDA:176,23,1,3
BRDA:186,24,0,3
BRDA:187,25,0,1
BRDA:187,25,1,4
BRDA:190,26,0,3
BRDA:190,26,1,2
BRDA:192,27,0,2
BRDA:192,27,1,2
BRDA:197,28,0,1
BRDA:197,28,1,2
BRDA:197,29,0,3
BRDA:197,29,1,2
BRDA:200,30,0,1
BRDA:200,30,1,0
BRDA:206,31,0,1
BRDA:206,31,1,1
BRDA:207,32,0,1
BRDA:207,32,1,0
BRDA:225,33,0,2
BRDA:225,33,1,1
BRDA:230,34,0,1
BRDA:230,34,1,2
BRDA:230,35,0,3
BRDA:230,35,1,3
BRDA:296,36,0,4
BRDA:296,36,1,8
BRDA:300,37,0,2
BRDA:300,37,1,4
BRDA:314,38,0,2
BRDA:314,38,1,4
BRDA:330,39,0,4
BRDA:330,39,1,8
BRDA:345,40,0,0
BRDA:345,40,1,6
BRDA:348,41,0,6
BRDA:348,41,1,0
BRF:84
BRH:76
end_of_record
