TN:
SF:scripts\customLoadash.js
FN:3,chunk
FN:34,(anonymous_1)
FN:48,(anonymous_2)
FN:65,(anonymous_3)
FN:90,(anonymous_4)
FN:101,(anonymous_5)
FN:105,(anonymous_6)
FN:127,(anonymous_7)
FN:137,(anonymous_8)
FN:146,(anonymous_9)
FN:156,(anonymous_10)
FN:159,(anonymous_11)
FN:192,(anonymous_12)
FN:196,(anonymous_13)
FN:215,(anonymous_14)
FN:236,(anonymous_15)
FN:256,(anonymous_16)
FN:260,(anonymous_17)
FN:282,(anonymous_18)
FN:293,(anonymous_19)
FN:297,(anonymous_20)
FN:312,(anonymous_21)
FN:327,(anonymous_22)
FN:329,Foo
FN:336,(anonymous_24)
FNF:25
FNH:25
FNDA:4,chunk
FNDA:3,(anonymous_1)
FNDA:2,(anonymous_2)
FNDA:5,(anonymous_3)
FNDA:2,(anonymous_4)
FNDA:6,(anonymous_5)
FNDA:5,(anonymous_6)
FNDA:3,(anonymous_7)
FNDA:2,(anonymous_8)
FNDA:2,(anonymous_9)
FNDA:3,(anonymous_10)
FNDA:5,(anonymous_11)
FNDA:4,(anonymous_12)
FNDA:3,(anonymous_13)
FNDA:4,(anonymous_14)
FNDA:2,(anonymous_15)
FNDA:15,(anonymous_16)
FNDA:2,(anonymous_17)
FNDA:2,(anonymous_18)
FNDA:3,(anonymous_19)
FNDA:2,(anonymous_20)
FNDA:2,(anonymous_21)
FNDA:3,(anonymous_22)
FNDA:1,Foo
FNDA:2,(anonymous_24)
DA:4,4
DA:5,4
DA:6,4
DA:8,38
DA:9,4
DA:12,38
DA:13,23
DA:16,38
DA:17,7
DA:18,7
DA:19,7
DA:22,38
DA:23,4
DA:26,4
DA:30,1
DA:31,1
DA:32,1
DA:34,1
DA:35,3
DA:36,3
DA:37,21
DA:38,9
DA:41,3
DA:44,1
DA:48,1
DA:49,2
DA:50,2
DA:51,2
DA:52,2
DA:53,2
DA:55,2
DA:56,7
DA:58,2
DA:61,1
DA:62,1
DA:65,1
DA:66,5
DA:68,5
DA:69,9
DA:71,5
DA:72,5
DA:73,9
DA:75,5
DA:76,5
DA:79,1
DA:80,1
DA:81,1
DA:82,1
DA:84,1
DA:90,1
DA:91,2
DA:92,2
DA:93,12
DA:94,7
DA:96,5
DA:98,2
DA:101,6
DA:105,1
DA:106,5
DA:107,5
DA:108,5
DA:109,1
DA:111,5
DA:112,9
DA:114,5
DA:117,1
DA:118,1
DA:119,1
DA:120,1
DA:122,1
DA:127,1
DA:128,3
DA:129,3
DA:130,14
DA:131,7
DA:134,3
DA:137,2
DA:139,1
DA:146,1
DA:147,2
DA:148,2
DA:149,6
DA:150,3
DA:153,2
DA:156,3
DA:159,1
DA:160,5
DA:161,1
DA:163,5
DA:164,3
DA:165,4
DA:166,2
DA:170,3
DA:171,1
DA:172,1
DA:173,1
DA:174,1
DA:176,0
DA:179,2
DA:180,1
DA:181,1
DA:184,1
DA:187,1
DA:188,1
DA:189,1
DA:190,1
DA:192,1
DA:193,4
DA:196,1
DA:197,3
DA:198,3
DA:199,2
DA:200,5
DA:203,3
DA:204,1
DA:205,1
DA:206,2
DA:209,3
DA:212,1
DA:213,1
DA:215,1
DA:216,4
DA:217,4
DA:218,4
DA:219,4
DA:220,12
DA:222,4
DA:223,4
DA:224,12
DA:225,36
DA:229,4
DA:232,1
DA:233,1
DA:234,1
DA:236,1
DA:237,2
DA:238,2
DA:239,2
DA:240,2
DA:241,4
DA:243,2
DA:246,1
DA:250,1
DA:253,1
DA:256,1
DA:257,15
DA:260,1
DA:261,2
DA:262,2
DA:264,2
DA:265,6
DA:266,6
DA:267,12
DA:268,4
DA:271,6
DA:272,2
DA:275,2
DA:279,1
DA:280,1
DA:282,1
DA:283,2
DA:284,2
DA:285,6
DA:286,2
DA:290,2
DA:293,3
DA:295,1
DA:297,1
DA:298,2
DA:299,2
DA:300,6
DA:301,12
DA:302,4
DA:306,2
DA:310,1
DA:312,1
DA:313,2
DA:314,2
DA:315,6
DA:316,6
DA:317,0
DA:319,6
DA:320,6
DA:323,2
DA:327,3
DA:330,1
DA:331,1
DA:334,1
DA:336,1
DA:337,2
DA:338,2
DA:339,4
DA:341,2
DA:344,1
DA:346,1
LF:195
LH:193
BRDA:3,0,0,0
BRDA:8,1,0,4
BRDA:8,1,1,34
BRDA:12,2,0,23
BRDA:12,2,1,15
BRDA:12,3,0,38
BRDA:12,3,1,26
BRDA:16,4,0,7
BRDA:16,4,1,31
BRDA:16,5,0,38
BRDA:16,5,1,12
BRDA:16,5,2,8
BRDA:22,6,0,4
BRDA:22,6,1,34
BRDA:37,7,0,9
BRDA:37,7,1,12
BRDA:37,8,0,21
BRDA:37,8,1,19
BRDA:37,8,2,17
BRDA:37,8,3,14
BRDA:37,8,4,14
BRDA:37,8,5,12
BRDA:51,9,0,2
BRDA:51,9,1,0
BRDA:65,10,0,1
BRDA:93,11,0,7
BRDA:93,11,1,5
BRDA:105,12,0,1
BRDA:108,13,0,1
BRDA:108,13,1,4
BRDA:130,14,0,7
BRDA:130,14,1,7
BRDA:146,15,0,0
BRDA:149,16,0,3
BRDA:149,16,1,3
BRDA:159,17,0,3
BRDA:160,18,0,1
BRDA:160,18,1,4
BRDA:163,19,0,3
BRDA:163,19,1,2
BRDA:165,20,0,2
BRDA:165,20,1,2
BRDA:170,21,0,1
BRDA:170,21,1,2
BRDA:170,22,0,3
BRDA:170,22,1,2
BRDA:173,23,0,1
BRDA:173,23,1,0
BRDA:179,24,0,1
BRDA:179,24,1,1
BRDA:180,25,0,1
BRDA:180,25,1,0
BRDA:198,26,0,2
BRDA:198,26,1,1
BRDA:203,27,0,1
BRDA:203,27,1,2
BRDA:203,28,0,3
BRDA:203,28,1,3
BRDA:267,29,0,4
BRDA:267,29,1,8
BRDA:271,30,0,2
BRDA:271,30,1,4
BRDA:285,31,0,2
BRDA:285,31,1,4
BRDA:301,32,0,4
BRDA:301,32,1,8
BRDA:316,33,0,0
BRDA:316,33,1,6
BRDA:319,34,0,6
BRDA:319,34,1,0
BRF:70
BRH:63
end_of_record
